Traceback (most recent call last):
  File "/home/runner/work/daily-podcast-stk/daily-podcast-stk/scripts/strategy_manager.py", line 7, in <module>
    import pandas as pd
ModuleNotFoundError: No module named 'pandas'
2025-08-19 03:56:24,463 - INFO - 策略管理師開始執行
2025-08-19 03:56:24,469 - ERROR - 策略管理師執行失敗: unsupported operand type(s) for /: 'str' and 'str'
Traceback (most recent call last):
  File "/opt/hostedtoolcache/Python/3.10.18/x64/lib/python3.10/site-packages/pandas/core/ops/array_ops.py", line 218, in _na_arithmetic_op
    result = func(left, right)
  File "/opt/hostedtoolcache/Python/3.10.18/x64/lib/python3.10/site-packages/pandas/core/computation/expressions.py", line 242, in evaluate
    return _evaluate(op, op_str, a, b)  # type: ignore[misc]
  File "/opt/hostedtoolcache/Python/3.10.18/x64/lib/python3.10/site-packages/pandas/core/computation/expressions.py", line 73, in _evaluate_standard
    return op(a, b)
TypeError: unsupported operand type(s) for /: 'str' and 'NoneType'

During handling of the above exception, another exception occurred:

Traceback (most recent call last):
  File "/home/runner/work/daily-podcast-stk/daily-podcast-stk/scripts/strategy_manager.py", line 185, in <module>
    main()
  File "/home/runner/work/daily-podcast-stk/daily-podcast-stk/scripts/strategy_manager.py", line 144, in main
    baseline_return = get_market_baseline(df)
  File "/home/runner/work/daily-podcast-stk/daily-podcast-stk/scripts/strategy_manager.py", line 109, in get_market_baseline
    daily_change = df['Close'].pct_change().iloc[-1] * 100
  File "/opt/hostedtoolcache/Python/3.10.18/x64/lib/python3.10/site-packages/pandas/core/generic.py", line 12180, in pct_change
    rs = data / shifted - 1  # type: ignore[operator]
  File "/opt/hostedtoolcache/Python/3.10.18/x64/lib/python3.10/site-packages/pandas/core/ops/common.py", line 76, in new_method
    return method(self, other)
  File "/opt/hostedtoolcache/Python/3.10.18/x64/lib/python3.10/site-packages/pandas/core/arraylike.py", line 210, in __truediv__
    return self._arith_method(other, operator.truediv)
  File "/opt/hostedtoolcache/Python/3.10.18/x64/lib/python3.10/site-packages/pandas/core/series.py", line 6146, in _arith_method
    return base.IndexOpsMixin._arith_method(self, other, op)
  File "/opt/hostedtoolcache/Python/3.10.18/x64/lib/python3.10/site-packages/pandas/core/base.py", line 1391, in _arith_method
    result = ops.arithmetic_op(lvalues, rvalues, op)
  File "/opt/hostedtoolcache/Python/3.10.18/x64/lib/python3.10/site-packages/pandas/core/ops/array_ops.py", line 283, in arithmetic_op
    res_values = _na_arithmetic_op(left, right, op)  # type: ignore[arg-type]
  File "/opt/hostedtoolcache/Python/3.10.18/x64/lib/python3.10/site-packages/pandas/core/ops/array_ops.py", line 227, in _na_arithmetic_op
    result = _masked_arith_op(left, right, op)
  File "/opt/hostedtoolcache/Python/3.10.18/x64/lib/python3.10/site-packages/pandas/core/ops/array_ops.py", line 163, in _masked_arith_op
    result[mask] = op(xrav[mask], yrav[mask])
TypeError: unsupported operand type(s) for /: 'str' and 'str'
2025-08-19 03:56:24,472 - INFO - 策略管理師執行結束
2025-08-19 04:22:31,634 - INFO - 策略管理師開始執行
2025-08-19 04:22:31,640 - ERROR - 策略管理師執行失敗: unsupported operand type(s) for /: 'str' and 'str'
Traceback (most recent call last):
  File "/opt/hostedtoolcache/Python/3.10.18/x64/lib/python3.10/site-packages/pandas/core/ops/array_ops.py", line 218, in _na_arithmetic_op
    result = func(left, right)
  File "/opt/hostedtoolcache/Python/3.10.18/x64/lib/python3.10/site-packages/pandas/core/computation/expressions.py", line 242, in evaluate
    return _evaluate(op, op_str, a, b)  # type: ignore[misc]
  File "/opt/hostedtoolcache/Python/3.10.18/x64/lib/python3.10/site-packages/pandas/core/computation/expressions.py", line 73, in _evaluate_standard
    return op(a, b)
TypeError: unsupported operand type(s) for /: 'str' and 'NoneType'

During handling of the above exception, another exception occurred:

Traceback (most recent call last):
  File "/home/runner/work/daily-podcast-stk/daily-podcast-stk/scripts/strategy_manager.py", line 185, in <module>
    main()
  File "/home/runner/work/daily-podcast-stk/daily-podcast-stk/scripts/strategy_manager.py", line 144, in main
    baseline_return = get_market_baseline(df)
  File "/home/runner/work/daily-podcast-stk/daily-podcast-stk/scripts/strategy_manager.py", line 109, in get_market_baseline
    daily_change = df['Close'].pct_change().iloc[-1] * 100
  File "/opt/hostedtoolcache/Python/3.10.18/x64/lib/python3.10/site-packages/pandas/core/generic.py", line 12180, in pct_change
    rs = data / shifted - 1  # type: ignore[operator]
  File "/opt/hostedtoolcache/Python/3.10.18/x64/lib/python3.10/site-packages/pandas/core/ops/common.py", line 76, in new_method
    return method(self, other)
  File "/opt/hostedtoolcache/Python/3.10.18/x64/lib/python3.10/site-packages/pandas/core/arraylike.py", line 210, in __truediv__
    return self._arith_method(other, operator.truediv)
  File "/opt/hostedtoolcache/Python/3.10.18/x64/lib/python3.10/site-packages/pandas/core/series.py", line 6146, in _arith_method
    return base.IndexOpsMixin._arith_method(self, other, op)
  File "/opt/hostedtoolcache/Python/3.10.18/x64/lib/python3.10/site-packages/pandas/core/base.py", line 1391, in _arith_method
    result = ops.arithmetic_op(lvalues, rvalues, op)
  File "/opt/hostedtoolcache/Python/3.10.18/x64/lib/python3.10/site-packages/pandas/core/ops/array_ops.py", line 283, in arithmetic_op
    res_values = _na_arithmetic_op(left, right, op)  # type: ignore[arg-type]
  File "/opt/hostedtoolcache/Python/3.10.18/x64/lib/python3.10/site-packages/pandas/core/ops/array_ops.py", line 227, in _na_arithmetic_op
    result = _masked_arith_op(left, right, op)
  File "/opt/hostedtoolcache/Python/3.10.18/x64/lib/python3.10/site-packages/pandas/core/ops/array_ops.py", line 163, in _masked_arith_op
    result[mask] = op(xrav[mask], yrav[mask])
TypeError: unsupported operand type(s) for /: 'str' and 'str'
2025-08-19 04:22:31,642 - INFO - 策略管理師執行結束
2025-08-19 04:49:56,664 - INFO - 策略管理師開始執行
2025-08-19 04:49:56,677 - INFO - [0050.TW] Baseline(日均 %) = 0.3078
2025-08-19 04:49:56,928 - INFO - [0050.TW] 策略 VolumeBreakout 回測報酬：0.06%（Baseline 0.31%）
2025-08-19 04:49:58,633 - INFO - [0050.TW] 策略 MLStrategy 回測報酬：0.28%（Baseline 0.31%）
2025-08-19 04:49:58,633 - INFO - [0050.TW] 無策略勝過 Baseline（或正報酬）
2025-08-19 04:49:58,643 - INFO - [QQQ] Baseline(日均 %) = 0.2013
2025-08-19 04:49:58,896 - INFO - [QQQ] 策略 VolumeBreakout 回測報酬：0.03%（Baseline 0.20%）
2025-08-19 04:50:00,631 - INFO - [QQQ] 策略 MLStrategy 回測報酬：3.65%（Baseline 0.20%）
2025-08-19 04:50:00,631 - INFO - [QQQ] ✅ 最佳策略：MLStrategy | Return 3.65% > Baseline 0.20% → 已輸出 data/strategy_best_QQQ.json
2025-08-19 04:50:00,641 - INFO - [^TWII] Baseline(日均 %) = 0.2298
2025-08-19 04:50:00,890 - INFO - [^TWII] 策略 VolumeBreakout 回測報酬：0.00%（Baseline 0.23%）
2025-08-19 04:50:02,602 - INFO - [^TWII] 策略 MLStrategy 回測報酬：0.00%（Baseline 0.23%）
2025-08-19 04:50:02,602 - INFO - [^TWII] 無策略勝過 Baseline（或正報酬）
2025-08-19 04:50:02,613 - INFO - [BTC-USD] Baseline(日均 %) = 0.1957
2025-08-19 04:50:02,892 - INFO - [BTC-USD] 策略 VolumeBreakout 回測報酬：0.00%（Baseline 0.20%）
2025-08-19 04:50:04,952 - INFO - [BTC-USD] 策略 MLStrategy 回測報酬：0.00%（Baseline 0.20%）
2025-08-19 04:50:04,952 - INFO - [BTC-USD] 無策略勝過 Baseline（或正報酬）
2025-08-19 04:50:04,962 - INFO - [^DJI] Baseline(日均 %) = 0.1217
2025-08-19 04:50:05,212 - INFO - [^DJI] 策略 VolumeBreakout 回測報酬：0.00%（Baseline 0.12%）
2025-08-19 04:50:06,933 - INFO - [^DJI] 策略 MLStrategy 回測報酬：0.00%（Baseline 0.12%）
2025-08-19 04:50:06,933 - INFO - [^DJI] 無策略勝過 Baseline（或正報酬）
2025-08-19 04:50:06,943 - INFO - [GC=F] Baseline(日均 %) = 0.0150
2025-08-19 04:50:07,201 - INFO - [GC=F] 策略 VolumeBreakout 回測報酬：2.60%（Baseline 0.02%）
2025-08-19 04:50:08,996 - INFO - [GC=F] 策略 MLStrategy 回測報酬：25.44%（Baseline 0.02%）
2025-08-19 04:50:08,996 - INFO - [GC=F] ✅ 最佳策略：MLStrategy | Return 25.44% > Baseline 0.02% → 已輸出 data/strategy_best_GC=F.json
2025-08-19 04:50:09,008 - INFO - [^GSPC] Baseline(日均 %) = 0.1697
2025-08-19 04:50:09,263 - INFO - [^GSPC] 策略 VolumeBreakout 回測報酬：0.22%（Baseline 0.17%）
2025-08-19 04:50:10,993 - INFO - [^GSPC] 策略 MLStrategy 回測報酬：33.99%（Baseline 0.17%）
2025-08-19 04:50:10,993 - INFO - [^GSPC] ✅ 最佳策略：MLStrategy | Return 33.99% > Baseline 0.17% → 已輸出 data/strategy_best_^GSPC.json
2025-08-19 04:50:11,003 - INFO - [^IXIC] Baseline(日均 %) = 0.2299
2025-08-19 04:50:11,254 - INFO - [^IXIC] 策略 VolumeBreakout 回測報酬：0.00%（Baseline 0.23%）
2025-08-19 04:50:12,982 - INFO - [^IXIC] 策略 MLStrategy 回測報酬：0.00%（Baseline 0.23%）
2025-08-19 04:50:12,982 - INFO - [^IXIC] 無策略勝過 Baseline（或正報酬）
2025-08-19 04:50:12,992 - INFO - [SPY] Baseline(日均 %) = 0.1737
2025-08-19 04:50:13,238 - INFO - [SPY] 策略 VolumeBreakout 回測報酬：0.00%（Baseline 0.17%）
2025-08-19 04:50:14,978 - INFO - [SPY] 策略 MLStrategy 回測報酬：2.98%（Baseline 0.17%）
2025-08-19 04:50:14,978 - INFO - [SPY] ✅ 最佳策略：MLStrategy | Return 2.98% > Baseline 0.17% → 已輸出 data/strategy_best_SPY.json
2025-08-19 04:50:14,988 - INFO - [TSM] Baseline(日均 %) = 0.3740
2025-08-19 04:50:15,250 - INFO - [TSM] 策略 VolumeBreakout 回測報酬：-0.30%（Baseline 0.37%）
2025-08-19 04:50:17,040 - INFO - [TSM] 策略 MLStrategy 回測報酬：2.73%（Baseline 0.37%）
2025-08-19 04:50:17,040 - INFO - [TSM] ✅ 最佳策略：MLStrategy | Return 2.73% > Baseline 0.37% → 已輸出 data/strategy_best_TSM.json
2025-08-19 04:50:17,050 - INFO - [2330.TW] Baseline(日均 %) = 0.3422
2025-08-19 04:50:17,298 - INFO - [2330.TW] 策略 VolumeBreakout 回測報酬：-0.10%（Baseline 0.34%）
2025-08-19 04:50:19,014 - INFO - [2330.TW] 策略 MLStrategy 回測報酬：5.88%（Baseline 0.34%）
2025-08-19 04:50:19,014 - INFO - [2330.TW] ✅ 最佳策略：MLStrategy | Return 5.88% > Baseline 0.34% → 已輸出 data/strategy_best_2330.TW.json
2025-08-19 04:50:19,014 - INFO - 策略管理師執行結束
2025-08-19 05:19:00,291 - INFO - 策略管理師開始執行
2025-08-19 05:19:00,304 - INFO - [0050.TW] Baseline(日均 %) = 0.3078
2025-08-19 05:19:00,553 - INFO - [0050.TW] 策略 VolumeBreakout 回測報酬：0.06%（Baseline 0.31%）
2025-08-19 05:19:02,205 - INFO - [0050.TW] 策略 MLStrategy 回測報酬：0.28%（Baseline 0.31%）
2025-08-19 05:19:02,205 - INFO - [0050.TW] 無策略勝過 Baseline（或正報酬）
2025-08-19 05:19:02,215 - INFO - [QQQ] Baseline(日均 %) = 0.2013
2025-08-19 05:19:02,467 - INFO - [QQQ] 策略 VolumeBreakout 回測報酬：0.03%（Baseline 0.20%）
2025-08-19 05:19:04,161 - INFO - [QQQ] 策略 MLStrategy 回測報酬：3.65%（Baseline 0.20%）
2025-08-19 05:19:04,162 - INFO - [QQQ] ✅ 最佳策略：MLStrategy | Return 3.65% > Baseline 0.20% → 已輸出 data/strategy_best_QQQ.json
2025-08-19 05:19:04,172 - INFO - [^TWII] Baseline(日均 %) = 0.2298
2025-08-19 05:19:04,418 - INFO - [^TWII] 策略 VolumeBreakout 回測報酬：0.00%（Baseline 0.23%）
2025-08-19 05:19:06,070 - INFO - [^TWII] 策略 MLStrategy 回測報酬：0.00%（Baseline 0.23%）
2025-08-19 05:19:06,071 - INFO - [^TWII] 無策略勝過 Baseline（或正報酬）
2025-08-19 05:19:06,081 - INFO - [BTC-USD] Baseline(日均 %) = 0.1957
2025-08-19 05:19:06,354 - INFO - [BTC-USD] 策略 VolumeBreakout 回測報酬：0.00%（Baseline 0.20%）
2025-08-19 05:19:08,375 - INFO - [BTC-USD] 策略 MLStrategy 回測報酬：0.00%（Baseline 0.20%）
2025-08-19 05:19:08,375 - INFO - [BTC-USD] 無策略勝過 Baseline（或正報酬）
2025-08-19 05:19:08,385 - INFO - [^DJI] Baseline(日均 %) = 0.1217
2025-08-19 05:19:08,631 - INFO - [^DJI] 策略 VolumeBreakout 回測報酬：0.00%（Baseline 0.12%）
2025-08-19 05:19:10,311 - INFO - [^DJI] 策略 MLStrategy 回測報酬：0.00%（Baseline 0.12%）
2025-08-19 05:19:10,311 - INFO - [^DJI] 無策略勝過 Baseline（或正報酬）
2025-08-19 05:19:10,322 - INFO - [GC=F] Baseline(日均 %) = 0.0150
2025-08-19 05:19:10,575 - INFO - [GC=F] 策略 VolumeBreakout 回測報酬：2.60%（Baseline 0.02%）
2025-08-19 05:19:12,336 - INFO - [GC=F] 策略 MLStrategy 回測報酬：25.44%（Baseline 0.02%）
2025-08-19 05:19:12,336 - INFO - [GC=F] ✅ 最佳策略：MLStrategy | Return 25.44% > Baseline 0.02% → 已輸出 data/strategy_best_GC=F.json
2025-08-19 05:19:12,346 - INFO - [^GSPC] Baseline(日均 %) = 0.1697
2025-08-19 05:19:12,591 - INFO - [^GSPC] 策略 VolumeBreakout 回測報酬：0.22%（Baseline 0.17%）
2025-08-19 05:19:14,286 - INFO - [^GSPC] 策略 MLStrategy 回測報酬：33.99%（Baseline 0.17%）
2025-08-19 05:19:14,286 - INFO - [^GSPC] ✅ 最佳策略：MLStrategy | Return 33.99% > Baseline 0.17% → 已輸出 data/strategy_best_^GSPC.json
2025-08-19 05:19:14,296 - INFO - [^IXIC] Baseline(日均 %) = 0.2299
2025-08-19 05:19:14,542 - INFO - [^IXIC] 策略 VolumeBreakout 回測報酬：0.00%（Baseline 0.23%）
2025-08-19 05:19:16,221 - INFO - [^IXIC] 策略 MLStrategy 回測報酬：0.00%（Baseline 0.23%）
2025-08-19 05:19:16,221 - INFO - [^IXIC] 無策略勝過 Baseline（或正報酬）
2025-08-19 05:19:16,231 - INFO - [SPY] Baseline(日均 %) = 0.1737
2025-08-19 05:19:16,475 - INFO - [SPY] 策略 VolumeBreakout 回測報酬：0.00%（Baseline 0.17%）
2025-08-19 05:19:18,153 - INFO - [SPY] 策略 MLStrategy 回測報酬：2.98%（Baseline 0.17%）
2025-08-19 05:19:18,153 - INFO - [SPY] ✅ 最佳策略：MLStrategy | Return 2.98% > Baseline 0.17% → 已輸出 data/strategy_best_SPY.json
2025-08-19 05:19:18,163 - INFO - [TSM] Baseline(日均 %) = 0.3740
2025-08-19 05:19:18,413 - INFO - [TSM] 策略 VolumeBreakout 回測報酬：-0.30%（Baseline 0.37%）
2025-08-19 05:19:20,111 - INFO - [TSM] 策略 MLStrategy 回測報酬：2.73%（Baseline 0.37%）
2025-08-19 05:19:20,111 - INFO - [TSM] ✅ 最佳策略：MLStrategy | Return 2.73% > Baseline 0.37% → 已輸出 data/strategy_best_TSM.json
2025-08-19 05:19:20,121 - INFO - [2330.TW] Baseline(日均 %) = 0.3422
2025-08-19 05:19:20,364 - INFO - [2330.TW] 策略 VolumeBreakout 回測報酬：-0.10%（Baseline 0.34%）
2025-08-19 05:19:22,016 - INFO - [2330.TW] 策略 MLStrategy 回測報酬：5.88%（Baseline 0.34%）
2025-08-19 05:19:22,017 - INFO - [2330.TW] ✅ 最佳策略：MLStrategy | Return 5.88% > Baseline 0.34% → 已輸出 data/strategy_best_2330.TW.json
2025-08-19 05:19:22,017 - INFO - 策略管理師執行結束
2025-08-19 06:08:46,752 - INFO - 策略管理師開始執行
2025-08-19 06:08:46,765 - INFO - [0050.TW] Baseline(日均 %) = 0.3078
2025-08-19 06:08:47,010 - INFO - [0050.TW] 策略 VolumeBreakout 回測報酬：0.06%（Baseline 0.31%）
2025-08-19 06:08:48,680 - INFO - [0050.TW] 策略 MLStrategy 回測報酬：0.28%（Baseline 0.31%）
2025-08-19 06:08:48,680 - INFO - [0050.TW] 無策略勝過 Baseline（或正報酬）
2025-08-19 06:08:48,690 - INFO - [QQQ] Baseline(日均 %) = 0.2013
2025-08-19 06:08:48,939 - INFO - [QQQ] 策略 VolumeBreakout 回測報酬：0.03%（Baseline 0.20%）
2025-08-19 06:08:50,632 - INFO - [QQQ] 策略 MLStrategy 回測報酬：3.65%（Baseline 0.20%）
2025-08-19 06:08:50,632 - INFO - [QQQ] ✅ 最佳策略：MLStrategy | Return 3.65% > Baseline 0.20% → 已輸出 data/strategy_best_QQQ.json
2025-08-19 06:08:50,642 - INFO - [^TWII] Baseline(日均 %) = 0.2298
2025-08-19 06:08:50,887 - INFO - [^TWII] 策略 VolumeBreakout 回測報酬：0.00%（Baseline 0.23%）
2025-08-19 06:08:52,543 - INFO - [^TWII] 策略 MLStrategy 回測報酬：0.00%（Baseline 0.23%）
2025-08-19 06:08:52,543 - INFO - [^TWII] 無策略勝過 Baseline（或正報酬）
2025-08-19 06:08:52,554 - INFO - [BTC-USD] Baseline(日均 %) = 0.1957
2025-08-19 06:08:52,829 - INFO - [BTC-USD] 策略 VolumeBreakout 回測報酬：0.00%（Baseline 0.20%）
2025-08-19 06:08:54,860 - INFO - [BTC-USD] 策略 MLStrategy 回測報酬：0.00%（Baseline 0.20%）
2025-08-19 06:08:54,860 - INFO - [BTC-USD] 無策略勝過 Baseline（或正報酬）
2025-08-19 06:08:54,871 - INFO - [^DJI] Baseline(日均 %) = 0.1217
2025-08-19 06:08:55,118 - INFO - [^DJI] 策略 VolumeBreakout 回測報酬：0.00%（Baseline 0.12%）
2025-08-19 06:08:56,806 - INFO - [^DJI] 策略 MLStrategy 回測報酬：0.00%（Baseline 0.12%）
2025-08-19 06:08:56,806 - INFO - [^DJI] 無策略勝過 Baseline（或正報酬）
2025-08-19 06:08:56,816 - INFO - [GC=F] Baseline(日均 %) = 0.0150
2025-08-19 06:08:57,071 - INFO - [GC=F] 策略 VolumeBreakout 回測報酬：2.60%（Baseline 0.02%）
2025-08-19 06:08:58,848 - INFO - [GC=F] 策略 MLStrategy 回測報酬：25.44%（Baseline 0.02%）
2025-08-19 06:08:58,848 - INFO - [GC=F] ✅ 最佳策略：MLStrategy | Return 25.44% > Baseline 0.02% → 已輸出 data/strategy_best_GC=F.json
2025-08-19 06:08:58,859 - INFO - [^GSPC] Baseline(日均 %) = 0.1697
2025-08-19 06:08:59,104 - INFO - [^GSPC] 策略 VolumeBreakout 回測報酬：0.22%（Baseline 0.17%）
2025-08-19 06:09:00,803 - INFO - [^GSPC] 策略 MLStrategy 回測報酬：33.99%（Baseline 0.17%）
2025-08-19 06:09:00,804 - INFO - [^GSPC] ✅ 最佳策略：MLStrategy | Return 33.99% > Baseline 0.17% → 已輸出 data/strategy_best_^GSPC.json
2025-08-19 06:09:00,814 - INFO - [^IXIC] Baseline(日均 %) = 0.2299
2025-08-19 06:09:01,060 - INFO - [^IXIC] 策略 VolumeBreakout 回測報酬：0.00%（Baseline 0.23%）
2025-08-19 06:09:02,742 - INFO - [^IXIC] 策略 MLStrategy 回測報酬：0.00%（Baseline 0.23%）
2025-08-19 06:09:02,742 - INFO - [^IXIC] 無策略勝過 Baseline（或正報酬）
2025-08-19 06:09:02,752 - INFO - [SPY] Baseline(日均 %) = 0.1737
2025-08-19 06:09:02,995 - INFO - [SPY] 策略 VolumeBreakout 回測報酬：0.00%（Baseline 0.17%）
2025-08-19 06:09:04,705 - INFO - [SPY] 策略 MLStrategy 回測報酬：2.98%（Baseline 0.17%）
2025-08-19 06:09:04,705 - INFO - [SPY] ✅ 最佳策略：MLStrategy | Return 2.98% > Baseline 0.17% → 已輸出 data/strategy_best_SPY.json
2025-08-19 06:09:04,715 - INFO - [TSM] Baseline(日均 %) = 0.3740
2025-08-19 06:09:04,965 - INFO - [TSM] 策略 VolumeBreakout 回測報酬：-0.30%（Baseline 0.37%）
2025-08-19 06:09:06,669 - INFO - [TSM] 策略 MLStrategy 回測報酬：2.73%（Baseline 0.37%）
2025-08-19 06:09:06,670 - INFO - [TSM] ✅ 最佳策略：MLStrategy | Return 2.73% > Baseline 0.37% → 已輸出 data/strategy_best_TSM.json
2025-08-19 06:09:06,680 - INFO - [2330.TW] Baseline(日均 %) = 0.3422
2025-08-19 06:09:06,924 - INFO - [2330.TW] 策略 VolumeBreakout 回測報酬：-0.10%（Baseline 0.34%）
2025-08-19 06:09:08,567 - INFO - [2330.TW] 策略 MLStrategy 回測報酬：5.88%（Baseline 0.34%）
2025-08-19 06:09:08,567 - INFO - [2330.TW] ✅ 最佳策略：MLStrategy | Return 5.88% > Baseline 0.34% → 已輸出 data/strategy_best_2330.TW.json
2025-08-19 06:09:08,567 - INFO - 策略管理師執行結束
2025-08-19 06:29:26,760 - INFO - 策略管理師開始執行
2025-08-19 06:29:26,773 - INFO - [0050.TW] Baseline(日均 %) = 0.3078
2025-08-19 06:29:27,018 - INFO - [0050.TW] 策略 VolumeBreakout 回測報酬：0.06%（Baseline 0.31%）
2025-08-19 06:29:28,681 - INFO - [0050.TW] 策略 MLStrategy 回測報酬：0.28%（Baseline 0.31%）
2025-08-19 06:29:28,681 - INFO - [0050.TW] 無策略勝過 Baseline（或正報酬）
2025-08-19 06:29:28,691 - INFO - [QQQ] Baseline(日均 %) = 0.2013
2025-08-19 06:29:28,940 - INFO - [QQQ] 策略 VolumeBreakout 回測報酬：0.03%（Baseline 0.20%）
2025-08-19 06:29:30,652 - INFO - [QQQ] 策略 MLStrategy 回測報酬：3.65%（Baseline 0.20%）
2025-08-19 06:29:30,652 - INFO - [QQQ] ✅ 最佳策略：MLStrategy | Return 3.65% > Baseline 0.20% → 已輸出 data/strategy_best_QQQ.json
2025-08-19 06:29:30,662 - INFO - [^TWII] Baseline(日均 %) = 0.2298
2025-08-19 06:29:30,906 - INFO - [^TWII] 策略 VolumeBreakout 回測報酬：0.00%（Baseline 0.23%）
2025-08-19 06:29:32,550 - INFO - [^TWII] 策略 MLStrategy 回測報酬：0.00%（Baseline 0.23%）
2025-08-19 06:29:32,550 - INFO - [^TWII] 無策略勝過 Baseline（或正報酬）
2025-08-19 06:29:32,561 - INFO - [BTC-USD] Baseline(日均 %) = 0.1957
2025-08-19 06:29:32,837 - INFO - [BTC-USD] 策略 VolumeBreakout 回測報酬：0.00%（Baseline 0.20%）
2025-08-19 06:29:34,861 - INFO - [BTC-USD] 策略 MLStrategy 回測報酬：0.00%（Baseline 0.20%）
2025-08-19 06:29:34,862 - INFO - [BTC-USD] 無策略勝過 Baseline（或正報酬）
2025-08-19 06:29:34,871 - INFO - [^DJI] Baseline(日均 %) = 0.1217
2025-08-19 06:29:35,118 - INFO - [^DJI] 策略 VolumeBreakout 回測報酬：0.00%（Baseline 0.12%）
2025-08-19 06:29:36,798 - INFO - [^DJI] 策略 MLStrategy 回測報酬：0.00%（Baseline 0.12%）
2025-08-19 06:29:36,798 - INFO - [^DJI] 無策略勝過 Baseline（或正報酬）
2025-08-19 06:29:36,808 - INFO - [GC=F] Baseline(日均 %) = 0.0150
2025-08-19 06:29:37,063 - INFO - [GC=F] 策略 VolumeBreakout 回測報酬：2.60%（Baseline 0.02%）
2025-08-19 06:29:38,780 - INFO - [GC=F] 策略 MLStrategy 回測報酬：25.44%（Baseline 0.02%）
2025-08-19 06:29:38,781 - INFO - [GC=F] ✅ 最佳策略：MLStrategy | Return 25.44% > Baseline 0.02% → 已輸出 data/strategy_best_GC=F.json
2025-08-19 06:29:38,791 - INFO - [^GSPC] Baseline(日均 %) = 0.1697
2025-08-19 06:29:39,039 - INFO - [^GSPC] 策略 VolumeBreakout 回測報酬：0.22%（Baseline 0.17%）
2025-08-19 06:29:40,796 - INFO - [^GSPC] 策略 MLStrategy 回測報酬：33.99%（Baseline 0.17%）
2025-08-19 06:29:40,796 - INFO - [^GSPC] ✅ 最佳策略：MLStrategy | Return 33.99% > Baseline 0.17% → 已輸出 data/strategy_best_^GSPC.json
2025-08-19 06:29:40,806 - INFO - [^IXIC] Baseline(日均 %) = 0.2299
2025-08-19 06:29:41,054 - INFO - [^IXIC] 策略 VolumeBreakout 回測報酬：0.00%（Baseline 0.23%）
2025-08-19 06:29:42,740 - INFO - [^IXIC] 策略 MLStrategy 回測報酬：0.00%（Baseline 0.23%）
2025-08-19 06:29:42,740 - INFO - [^IXIC] 無策略勝過 Baseline（或正報酬）
2025-08-19 06:29:42,749 - INFO - [SPY] Baseline(日均 %) = 0.1737
2025-08-19 06:29:42,993 - INFO - [SPY] 策略 VolumeBreakout 回測報酬：0.00%（Baseline 0.17%）
2025-08-19 06:29:44,689 - INFO - [SPY] 策略 MLStrategy 回測報酬：2.98%（Baseline 0.17%）
2025-08-19 06:29:44,689 - INFO - [SPY] ✅ 最佳策略：MLStrategy | Return 2.98% > Baseline 0.17% → 已輸出 data/strategy_best_SPY.json
2025-08-19 06:29:44,699 - INFO - [TSM] Baseline(日均 %) = 0.3740
2025-08-19 06:29:44,949 - INFO - [TSM] 策略 VolumeBreakout 回測報酬：-0.30%（Baseline 0.37%）
2025-08-19 06:29:46,656 - INFO - [TSM] 策略 MLStrategy 回測報酬：2.73%（Baseline 0.37%）
2025-08-19 06:29:46,657 - INFO - [TSM] ✅ 最佳策略：MLStrategy | Return 2.73% > Baseline 0.37% → 已輸出 data/strategy_best_TSM.json
2025-08-19 06:29:46,666 - INFO - [2330.TW] Baseline(日均 %) = 0.3422
2025-08-19 06:29:46,908 - INFO - [2330.TW] 策略 VolumeBreakout 回測報酬：-0.10%（Baseline 0.34%）
2025-08-19 06:29:48,566 - INFO - [2330.TW] 策略 MLStrategy 回測報酬：5.88%（Baseline 0.34%）
2025-08-19 06:29:48,567 - INFO - [2330.TW] ✅ 最佳策略：MLStrategy | Return 5.88% > Baseline 0.34% → 已輸出 data/strategy_best_2330.TW.json
2025-08-19 06:29:48,567 - INFO - 策略管理師執行結束
2025-08-19 11:13:47,209 - INFO - 策略管理師開始執行
2025-08-19 11:13:47,221 - INFO - [0050.TW] Baseline(日均 %) = 0.3093
2025-08-19 11:13:47,475 - INFO - [0050.TW] 策略 VolumeBreakout 回測報酬：0.06%（Baseline 0.31%）
2025-08-19 11:13:49,247 - INFO - [0050.TW] 策略 MLStrategy 回測報酬：0.28%（Baseline 0.31%）
2025-08-19 11:13:49,248 - INFO - [0050.TW] 無策略勝過 Baseline（或正報酬）
2025-08-19 11:13:49,258 - INFO - [QQQ] Baseline(日均 %) = 0.2013
2025-08-19 11:13:49,514 - INFO - [QQQ] 策略 VolumeBreakout 回測報酬：0.03%（Baseline 0.20%）
2025-08-19 11:13:51,317 - INFO - [QQQ] 策略 MLStrategy 回測報酬：3.65%（Baseline 0.20%）
2025-08-19 11:13:51,317 - INFO - [QQQ] ✅ 最佳策略：MLStrategy | Return 3.65% > Baseline 0.20% → 已輸出 data/strategy_best_QQQ.json
2025-08-19 11:13:51,327 - INFO - [^TWII] Baseline(日均 %) = 0.2287
2025-08-19 11:13:51,574 - INFO - [^TWII] 策略 VolumeBreakout 回測報酬：0.00%（Baseline 0.23%）
2025-08-19 11:13:53,281 - INFO - [^TWII] 策略 MLStrategy 回測報酬：0.00%（Baseline 0.23%）
2025-08-19 11:13:53,281 - INFO - [^TWII] 無策略勝過 Baseline（或正報酬）
2025-08-19 11:13:53,292 - INFO - [BTC-USD] Baseline(日均 %) = 0.2177
2025-08-19 11:13:53,569 - INFO - [BTC-USD] 策略 VolumeBreakout 回測報酬：0.00%（Baseline 0.22%）
2025-08-19 11:13:55,711 - INFO - [BTC-USD] 策略 MLStrategy 回測報酬：0.00%（Baseline 0.22%）
2025-08-19 11:13:55,711 - INFO - [BTC-USD] 無策略勝過 Baseline（或正報酬）
2025-08-19 11:13:55,722 - INFO - [^DJI] Baseline(日均 %) = 0.1217
2025-08-19 11:13:55,973 - INFO - [^DJI] 策略 VolumeBreakout 回測報酬：0.00%（Baseline 0.12%）
2025-08-19 11:13:57,747 - INFO - [^DJI] 策略 MLStrategy 回測報酬：0.00%（Baseline 0.12%）
2025-08-19 11:13:57,747 - INFO - [^DJI] 無策略勝過 Baseline（或正報酬）
2025-08-19 11:13:57,758 - INFO - [GC=F] Baseline(日均 %) = 0.0488
2025-08-19 11:13:58,017 - INFO - [GC=F] 策略 VolumeBreakout 回測報酬：2.63%（Baseline 0.05%）
2025-08-19 11:13:59,884 - INFO - [GC=F] 策略 MLStrategy 回測報酬：24.95%（Baseline 0.05%）
2025-08-19 11:13:59,885 - INFO - [GC=F] ✅ 最佳策略：MLStrategy | Return 24.95% > Baseline 0.05% → 已輸出 data/strategy_best_GC=F.json
2025-08-19 11:13:59,895 - INFO - [^GSPC] Baseline(日均 %) = 0.1697
2025-08-19 11:14:00,145 - INFO - [^GSPC] 策略 VolumeBreakout 回測報酬：0.22%（Baseline 0.17%）
2025-08-19 11:14:01,943 - INFO - [^GSPC] 策略 MLStrategy 回測報酬：33.99%（Baseline 0.17%）
2025-08-19 11:14:01,943 - INFO - [^GSPC] ✅ 最佳策略：MLStrategy | Return 33.99% > Baseline 0.17% → 已輸出 data/strategy_best_^GSPC.json
2025-08-19 11:14:01,954 - INFO - [^IXIC] Baseline(日均 %) = 0.2299
2025-08-19 11:14:02,204 - INFO - [^IXIC] 策略 VolumeBreakout 回測報酬：0.00%（Baseline 0.23%）
2025-08-19 11:14:04,015 - INFO - [^IXIC] 策略 MLStrategy 回測報酬：0.00%（Baseline 0.23%）
2025-08-19 11:14:04,015 - INFO - [^IXIC] 無策略勝過 Baseline（或正報酬）
2025-08-19 11:14:04,026 - INFO - [SPY] Baseline(日均 %) = 0.1737
2025-08-19 11:14:04,274 - INFO - [SPY] 策略 VolumeBreakout 回測報酬：0.00%（Baseline 0.17%）
2025-08-19 11:14:06,086 - INFO - [SPY] 策略 MLStrategy 回測報酬：2.98%（Baseline 0.17%）
2025-08-19 11:14:06,086 - INFO - [SPY] ✅ 最佳策略：MLStrategy | Return 2.98% > Baseline 0.17% → 已輸出 data/strategy_best_SPY.json
2025-08-19 11:14:06,096 - INFO - [TSM] Baseline(日均 %) = 0.3740
2025-08-19 11:14:06,349 - INFO - [TSM] 策略 VolumeBreakout 回測報酬：-0.30%（Baseline 0.37%）
2025-08-19 11:14:08,164 - INFO - [TSM] 策略 MLStrategy 回測報酬：2.73%（Baseline 0.37%）
2025-08-19 11:14:08,165 - INFO - [TSM] ✅ 最佳策略：MLStrategy | Return 2.73% > Baseline 0.37% → 已輸出 data/strategy_best_TSM.json
2025-08-19 11:14:08,175 - INFO - [2330.TW] Baseline(日均 %) = 0.3494
2025-08-19 11:14:08,424 - INFO - [2330.TW] 策略 VolumeBreakout 回測報酬：-0.05%（Baseline 0.35%）
2025-08-19 11:14:10,177 - INFO - [2330.TW] 策略 MLStrategy 回測報酬：5.92%（Baseline 0.35%）
2025-08-19 11:14:10,177 - INFO - [2330.TW] ✅ 最佳策略：MLStrategy | Return 5.92% > Baseline 0.35% → 已輸出 data/strategy_best_2330.TW.json
2025-08-19 11:14:10,177 - INFO - 策略管理師執行結束
2025-08-19 22:15:42,557 - INFO - 策略管理師開始執行
2025-08-19 22:15:42,570 - INFO - [0050.TW] Baseline(日均 %) = 0.3093
2025-08-19 22:15:42,821 - INFO - [0050.TW] 策略 VolumeBreakout 回測報酬：0.06%（Baseline 0.31%）
2025-08-19 22:15:44,512 - INFO - [0050.TW] 策略 MLStrategy 回測報酬：0.29%（Baseline 0.31%）
2025-08-19 22:15:44,512 - INFO - [0050.TW] 無策略勝過 Baseline（或正報酬）
2025-08-19 22:15:44,522 - INFO - [QQQ] Baseline(日均 %) = 0.1940
2025-08-19 22:15:44,773 - INFO - [QQQ] 策略 VolumeBreakout 回測報酬：0.03%（Baseline 0.19%）
2025-08-19 22:15:46,516 - INFO - [QQQ] 策略 MLStrategy 回測報酬：3.65%（Baseline 0.19%）
2025-08-19 22:15:46,516 - INFO - [QQQ] ✅ 最佳策略：MLStrategy | Return 3.65% > Baseline 0.19% → 已輸出 data/strategy_best_QQQ.json
2025-08-19 22:15:46,526 - INFO - [^TWII] Baseline(日均 %) = 0.2287
2025-08-19 22:15:46,771 - INFO - [^TWII] 策略 VolumeBreakout 回測報酬：0.00%（Baseline 0.23%）
2025-08-19 22:15:48,449 - INFO - [^TWII] 策略 MLStrategy 回測報酬：0.00%（Baseline 0.23%）
2025-08-19 22:15:48,449 - INFO - [^TWII] 無策略勝過 Baseline（或正報酬）
2025-08-19 22:15:48,459 - INFO - [BTC-USD] Baseline(日均 %) = 0.1886
2025-08-19 22:15:48,733 - INFO - [BTC-USD] 策略 VolumeBreakout 回測報酬：0.00%（Baseline 0.19%）
2025-08-19 22:15:50,812 - INFO - [BTC-USD] 策略 MLStrategy 回測報酬：0.00%（Baseline 0.19%）
2025-08-19 22:15:50,812 - INFO - [BTC-USD] 無策略勝過 Baseline（或正報酬）
2025-08-19 22:15:50,822 - INFO - [^DJI] Baseline(日均 %) = 0.1325
2025-08-19 22:15:51,069 - INFO - [^DJI] 策略 VolumeBreakout 回測報酬：0.00%（Baseline 0.13%）
2025-08-19 22:15:52,800 - INFO - [^DJI] 策略 MLStrategy 回測報酬：0.00%（Baseline 0.13%）
2025-08-19 22:15:52,800 - INFO - [^DJI] 無策略勝過 Baseline（或正報酬）
2025-08-19 22:15:52,810 - INFO - [GC=F] Baseline(日均 %) = 0.0346
2025-08-19 22:15:53,065 - INFO - [GC=F] 策略 VolumeBreakout 回測報酬：2.35%（Baseline 0.03%）
2025-08-19 22:15:54,877 - INFO - [GC=F] 策略 MLStrategy 回測報酬：24.65%（Baseline 0.03%）
2025-08-19 22:15:54,877 - INFO - [GC=F] ✅ 最佳策略：MLStrategy | Return 24.65% > Baseline 0.03% → 已輸出 data/strategy_best_GC=F.json
2025-08-19 22:15:54,887 - INFO - [^GSPC] Baseline(日均 %) = 0.1711
2025-08-19 22:15:55,135 - INFO - [^GSPC] 策略 VolumeBreakout 回測報酬：0.22%（Baseline 0.17%）
2025-08-19 22:15:56,882 - INFO - [^GSPC] 策略 MLStrategy 回測報酬：33.99%（Baseline 0.17%）
2025-08-19 22:15:56,882 - INFO - [^GSPC] ✅ 最佳策略：MLStrategy | Return 33.99% > Baseline 0.17% → 已輸出 data/strategy_best_^GSPC.json
2025-08-19 22:15:56,892 - INFO - [^IXIC] Baseline(日均 %) = 0.2221
2025-08-19 22:15:57,140 - INFO - [^IXIC] 策略 VolumeBreakout 回測報酬：0.00%（Baseline 0.22%）
2025-08-19 22:15:58,872 - INFO - [^IXIC] 策略 MLStrategy 回測報酬：0.00%（Baseline 0.22%）
2025-08-19 22:15:58,873 - INFO - [^IXIC] 無策略勝過 Baseline（或正報酬）
2025-08-19 22:15:58,882 - INFO - [SPY] Baseline(日均 %) = 0.1761
2025-08-19 22:15:59,126 - INFO - [SPY] 策略 VolumeBreakout 回測報酬：0.00%（Baseline 0.18%）
2025-08-19 22:16:00,876 - INFO - [SPY] 策略 MLStrategy 回測報酬：2.98%（Baseline 0.18%）
2025-08-19 22:16:00,876 - INFO - [SPY] ✅ 最佳策略：MLStrategy | Return 2.98% > Baseline 0.18% → 已輸出 data/strategy_best_SPY.json
2025-08-19 22:16:00,886 - INFO - [TSM] Baseline(日均 %) = 0.3493
2025-08-19 22:16:01,138 - INFO - [TSM] 策略 VolumeBreakout 回測報酬：-0.30%（Baseline 0.35%）
2025-08-19 22:16:02,881 - INFO - [TSM] 策略 MLStrategy 回測報酬：2.71%（Baseline 0.35%）
2025-08-19 22:16:02,882 - INFO - [TSM] ✅ 最佳策略：MLStrategy | Return 2.71% > Baseline 0.35% → 已輸出 data/strategy_best_TSM.json
2025-08-19 22:16:02,891 - INFO - [2330.TW] Baseline(日均 %) = 0.3494
2025-08-19 22:16:03,135 - INFO - [2330.TW] 策略 VolumeBreakout 回測報酬：-0.05%（Baseline 0.35%）
2025-08-19 22:16:04,817 - INFO - [2330.TW] 策略 MLStrategy 回測報酬：5.92%（Baseline 0.35%）
2025-08-19 22:16:04,817 - INFO - [2330.TW] ✅ 最佳策略：MLStrategy | Return 5.92% > Baseline 0.35% → 已輸出 data/strategy_best_2330.TW.json
2025-08-19 22:16:04,817 - INFO - 策略管理師執行結束
2025-08-19 23:09:26,021 - INFO - 策略管理師開始執行
2025-08-19 23:09:26,034 - INFO - [0050.TW] Baseline(日均 %) = 0.3093
2025-08-19 23:09:26,285 - INFO - [0050.TW] 策略 VolumeBreakout 回測報酬：0.06%（Baseline 0.31%）
2025-08-19 23:09:27,950 - INFO - [0050.TW] 策略 MLStrategy 回測報酬：0.29%（Baseline 0.31%）
2025-08-19 23:09:27,950 - INFO - [0050.TW] 無策略勝過 Baseline（或正報酬）
2025-08-19 23:09:27,961 - INFO - [QQQ] Baseline(日均 %) = 0.1940
2025-08-19 23:09:28,212 - INFO - [QQQ] 策略 VolumeBreakout 回測報酬：0.03%（Baseline 0.19%）
2025-08-19 23:09:29,922 - INFO - [QQQ] 策略 MLStrategy 回測報酬：3.65%（Baseline 0.19%）
2025-08-19 23:09:29,923 - INFO - [QQQ] ✅ 最佳策略：MLStrategy | Return 3.65% > Baseline 0.19% → 已輸出 data/strategy_best_QQQ.json
2025-08-19 23:09:29,933 - INFO - [^TWII] Baseline(日均 %) = 0.2287
2025-08-19 23:09:30,178 - INFO - [^TWII] 策略 VolumeBreakout 回測報酬：0.00%（Baseline 0.23%）
2025-08-19 23:09:31,842 - INFO - [^TWII] 策略 MLStrategy 回測報酬：0.00%（Baseline 0.23%）
2025-08-19 23:09:31,842 - INFO - [^TWII] 無策略勝過 Baseline（或正報酬）
2025-08-19 23:09:31,853 - INFO - [BTC-USD] Baseline(日均 %) = 0.1886
2025-08-19 23:09:32,127 - INFO - [BTC-USD] 策略 VolumeBreakout 回測報酬：0.00%（Baseline 0.19%）
2025-08-19 23:09:34,157 - INFO - [BTC-USD] 策略 MLStrategy 回測報酬：0.00%（Baseline 0.19%）
2025-08-19 23:09:34,157 - INFO - [BTC-USD] 無策略勝過 Baseline（或正報酬）
2025-08-19 23:09:34,168 - INFO - [^DJI] Baseline(日均 %) = 0.1325
2025-08-19 23:09:34,418 - INFO - [^DJI] 策略 VolumeBreakout 回測報酬：0.00%（Baseline 0.13%）
2025-08-19 23:09:36,126 - INFO - [^DJI] 策略 MLStrategy 回測報酬：0.00%（Baseline 0.13%）
2025-08-19 23:09:36,126 - INFO - [^DJI] 無策略勝過 Baseline（或正報酬）
2025-08-19 23:09:36,136 - INFO - [GC=F] Baseline(日均 %) = 0.0346
2025-08-19 23:09:36,393 - INFO - [GC=F] 策略 VolumeBreakout 回測報酬：2.35%（Baseline 0.03%）
2025-08-19 23:09:38,165 - INFO - [GC=F] 策略 MLStrategy 回測報酬：24.65%（Baseline 0.03%）
2025-08-19 23:09:38,166 - INFO - [GC=F] ✅ 最佳策略：MLStrategy | Return 24.65% > Baseline 0.03% → 已輸出 data/strategy_best_GC=F.json
2025-08-19 23:09:38,176 - INFO - [^GSPC] Baseline(日均 %) = 0.1711
2025-08-19 23:09:38,424 - INFO - [^GSPC] 策略 VolumeBreakout 回測報酬：0.22%（Baseline 0.17%）
2025-08-19 23:09:40,130 - INFO - [^GSPC] 策略 MLStrategy 回測報酬：33.99%（Baseline 0.17%）
2025-08-19 23:09:40,130 - INFO - [^GSPC] ✅ 最佳策略：MLStrategy | Return 33.99% > Baseline 0.17% → 已輸出 data/strategy_best_^GSPC.json
2025-08-19 23:09:40,140 - INFO - [^IXIC] Baseline(日均 %) = 0.2221
2025-08-19 23:09:40,388 - INFO - [^IXIC] 策略 VolumeBreakout 回測報酬：0.00%（Baseline 0.22%）
2025-08-19 23:09:42,077 - INFO - [^IXIC] 策略 MLStrategy 回測報酬：0.00%（Baseline 0.22%）
2025-08-19 23:09:42,077 - INFO - [^IXIC] 無策略勝過 Baseline（或正報酬）
2025-08-19 23:09:42,087 - INFO - [SPY] Baseline(日均 %) = 0.1761
2025-08-19 23:09:42,333 - INFO - [SPY] 策略 VolumeBreakout 回測報酬：0.00%（Baseline 0.18%）
2025-08-19 23:09:44,075 - INFO - [SPY] 策略 MLStrategy 回測報酬：2.98%（Baseline 0.18%）
2025-08-19 23:09:44,076 - INFO - [SPY] ✅ 最佳策略：MLStrategy | Return 2.98% > Baseline 0.18% → 已輸出 data/strategy_best_SPY.json
2025-08-19 23:09:44,085 - INFO - [TSM] Baseline(日均 %) = 0.3493
2025-08-19 23:09:44,339 - INFO - [TSM] 策略 VolumeBreakout 回測報酬：-0.30%（Baseline 0.35%）
2025-08-19 23:09:46,066 - INFO - [TSM] 策略 MLStrategy 回測報酬：2.71%（Baseline 0.35%）
2025-08-19 23:09:46,066 - INFO - [TSM] ✅ 最佳策略：MLStrategy | Return 2.71% > Baseline 0.35% → 已輸出 data/strategy_best_TSM.json
2025-08-19 23:09:46,076 - INFO - [2330.TW] Baseline(日均 %) = 0.3494
2025-08-19 23:09:46,324 - INFO - [2330.TW] 策略 VolumeBreakout 回測報酬：-0.05%（Baseline 0.35%）
2025-08-19 23:09:48,006 - INFO - [2330.TW] 策略 MLStrategy 回測報酬：5.92%（Baseline 0.35%）
2025-08-19 23:09:48,007 - INFO - [2330.TW] ✅ 最佳策略：MLStrategy | Return 5.92% > Baseline 0.35% → 已輸出 data/strategy_best_2330.TW.json
2025-08-19 23:09:48,007 - INFO - 策略管理師執行結束
2025-08-20 06:29:18,868 - INFO - 策略管理師開始執行
2025-08-20 06:29:18,880 - INFO - [0050.TW] Baseline(日均 %) = 0.2587
2025-08-20 06:29:19,134 - INFO - [0050.TW] 策略 VolumeBreakout 回測報酬：0.05%（Baseline 0.26%）
2025-08-20 06:29:20,824 - INFO - [0050.TW] 策略 MLStrategy 回測報酬：0.29%（Baseline 0.26%）
2025-08-20 06:29:20,824 - INFO - [0050.TW] ✅ 最佳策略：MLStrategy | Return 0.29% > Baseline 0.26% → 已輸出 data/strategy_best_0050.TW.json
2025-08-20 06:29:20,834 - INFO - [QQQ] Baseline(日均 %) = 0.1940
2025-08-20 06:29:21,084 - INFO - [QQQ] 策略 VolumeBreakout 回測報酬：0.03%（Baseline 0.19%）
2025-08-20 06:29:22,825 - INFO - [QQQ] 策略 MLStrategy 回測報酬：3.65%（Baseline 0.19%）
2025-08-20 06:29:22,825 - INFO - [QQQ] ✅ 最佳策略：MLStrategy | Return 3.65% > Baseline 0.19% → 已輸出 data/strategy_best_QQQ.json
2025-08-20 06:29:22,835 - INFO - [^TWII] Baseline(日均 %) = 0.1764
2025-08-20 06:29:23,083 - INFO - [^TWII] 策略 VolumeBreakout 回測報酬：0.00%（Baseline 0.18%）
2025-08-20 06:29:24,762 - INFO - [^TWII] 策略 MLStrategy 回測報酬：0.00%（Baseline 0.18%）
2025-08-20 06:29:24,763 - INFO - [^TWII] 無策略勝過 Baseline（或正報酬）
2025-08-20 06:29:24,773 - INFO - [BTC-USD] Baseline(日均 %) = 0.1907
2025-08-20 06:29:25,048 - INFO - [BTC-USD] 策略 VolumeBreakout 回測報酬：0.00%（Baseline 0.19%）
2025-08-20 06:29:27,141 - INFO - [BTC-USD] 策略 MLStrategy 回測報酬：0.00%（Baseline 0.19%）
2025-08-20 06:29:27,142 - INFO - [BTC-USD] 無策略勝過 Baseline（或正報酬）
2025-08-20 06:29:27,151 - INFO - [^DJI] Baseline(日均 %) = 0.1325
2025-08-20 06:29:27,400 - INFO - [^DJI] 策略 VolumeBreakout 回測報酬：0.00%（Baseline 0.13%）
2025-08-20 06:29:29,131 - INFO - [^DJI] 策略 MLStrategy 回測報酬：0.00%（Baseline 0.13%）
2025-08-20 06:29:29,131 - INFO - [^DJI] 無策略勝過 Baseline（或正報酬）
2025-08-20 06:29:29,142 - INFO - [GC=F] Baseline(日均 %) = 0.0400
2025-08-20 06:29:29,401 - INFO - [GC=F] 策略 VolumeBreakout 回測報酬：2.40%（Baseline 0.04%）
2025-08-20 06:29:31,217 - INFO - [GC=F] 策略 MLStrategy 回測報酬：24.89%（Baseline 0.04%）
2025-08-20 06:29:31,218 - INFO - [GC=F] ✅ 最佳策略：MLStrategy | Return 24.89% > Baseline 0.04% → 已輸出 data/strategy_best_GC=F.json
2025-08-20 06:29:31,228 - INFO - [^GSPC] Baseline(日均 %) = 0.1711
2025-08-20 06:29:31,477 - INFO - [^GSPC] 策略 VolumeBreakout 回測報酬：0.22%（Baseline 0.17%）
2025-08-20 06:29:33,226 - INFO - [^GSPC] 策略 MLStrategy 回測報酬：33.99%（Baseline 0.17%）
2025-08-20 06:29:33,226 - INFO - [^GSPC] ✅ 最佳策略：MLStrategy | Return 33.99% > Baseline 0.17% → 已輸出 data/strategy_best_^GSPC.json
2025-08-20 06:29:33,236 - INFO - [^IXIC] Baseline(日均 %) = 0.2221
2025-08-20 06:29:33,486 - INFO - [^IXIC] 策略 VolumeBreakout 回測報酬：0.00%（Baseline 0.22%）
2025-08-20 06:29:35,224 - INFO - [^IXIC] 策略 MLStrategy 回測報酬：0.00%（Baseline 0.22%）
2025-08-20 06:29:35,224 - INFO - [^IXIC] 無策略勝過 Baseline（或正報酬）
2025-08-20 06:29:35,234 - INFO - [SPY] Baseline(日均 %) = 0.1761
2025-08-20 06:29:35,480 - INFO - [SPY] 策略 VolumeBreakout 回測報酬：0.00%（Baseline 0.18%）
2025-08-20 06:29:37,230 - INFO - [SPY] 策略 MLStrategy 回測報酬：2.98%（Baseline 0.18%）
2025-08-20 06:29:37,230 - INFO - [SPY] ✅ 最佳策略：MLStrategy | Return 2.98% > Baseline 0.18% → 已輸出 data/strategy_best_SPY.json
2025-08-20 06:29:37,241 - INFO - [TSM] Baseline(日均 %) = 0.3493
2025-08-20 06:29:37,494 - INFO - [TSM] 策略 VolumeBreakout 回測報酬：-0.30%（Baseline 0.35%）
2025-08-20 06:29:39,242 - INFO - [TSM] 策略 MLStrategy 回測報酬：2.71%（Baseline 0.35%）
2025-08-20 06:29:39,243 - INFO - [TSM] ✅ 最佳策略：MLStrategy | Return 2.71% > Baseline 0.35% → 已輸出 data/strategy_best_TSM.json
2025-08-20 06:29:39,252 - INFO - [2330.TW] Baseline(日均 %) = 0.2970
2025-08-20 06:29:39,500 - INFO - [2330.TW] 策略 VolumeBreakout 回測報酬：-0.55%（Baseline 0.30%）
2025-08-20 06:29:41,206 - INFO - [2330.TW] 策略 MLStrategy 回測報酬：5.71%（Baseline 0.30%）
2025-08-20 06:29:41,206 - INFO - [2330.TW] ✅ 最佳策略：MLStrategy | Return 5.71% > Baseline 0.30% → 已輸出 data/strategy_best_2330.TW.json
2025-08-20 06:29:41,206 - INFO - 策略管理師執行結束
2025-08-20 11:13:59,629 - INFO - 策略管理師開始執行
2025-08-20 11:13:59,642 - INFO - [0050.TW] Baseline(日均 %) = 0.2587
2025-08-20 11:13:59,892 - INFO - [0050.TW] 策略 VolumeBreakout 回測報酬：0.05%（Baseline 0.26%）
2025-08-20 11:14:01,561 - INFO - [0050.TW] 策略 MLStrategy 回測報酬：0.29%（Baseline 0.26%）
2025-08-20 11:14:01,562 - INFO - [0050.TW] ✅ 最佳策略：MLStrategy | Return 0.29% > Baseline 0.26% → 已輸出 data/strategy_best_0050.TW.json
2025-08-20 11:14:01,572 - INFO - [QQQ] Baseline(日均 %) = 0.1940
2025-08-20 11:14:01,824 - INFO - [QQQ] 策略 VolumeBreakout 回測報酬：0.03%（Baseline 0.19%）
2025-08-20 11:14:03,542 - INFO - [QQQ] 策略 MLStrategy 回測報酬：3.65%（Baseline 0.19%）
2025-08-20 11:14:03,542 - INFO - [QQQ] ✅ 最佳策略：MLStrategy | Return 3.65% > Baseline 0.19% → 已輸出 data/strategy_best_QQQ.json
2025-08-20 11:14:03,552 - INFO - [^TWII] Baseline(日均 %) = 0.1764
2025-08-20 11:14:03,798 - INFO - [^TWII] 策略 VolumeBreakout 回測報酬：0.00%（Baseline 0.18%）
2025-08-20 11:14:05,460 - INFO - [^TWII] 策略 MLStrategy 回測報酬：0.00%（Baseline 0.18%）
2025-08-20 11:14:05,460 - INFO - [^TWII] 無策略勝過 Baseline（或正報酬）
2025-08-20 11:14:05,470 - INFO - [BTC-USD] Baseline(日均 %) = 0.2129
2025-08-20 11:14:05,747 - INFO - [BTC-USD] 策略 VolumeBreakout 回測報酬：0.00%（Baseline 0.21%）
2025-08-20 11:14:07,794 - INFO - [BTC-USD] 策略 MLStrategy 回測報酬：0.00%（Baseline 0.21%）
2025-08-20 11:14:07,794 - INFO - [BTC-USD] 無策略勝過 Baseline（或正報酬）
2025-08-20 11:14:07,804 - INFO - [^DJI] Baseline(日均 %) = 0.1325
2025-08-20 11:14:08,051 - INFO - [^DJI] 策略 VolumeBreakout 回測報酬：0.00%（Baseline 0.13%）
2025-08-20 11:14:09,741 - INFO - [^DJI] 策略 MLStrategy 回測報酬：0.00%（Baseline 0.13%）
2025-08-20 11:14:09,741 - INFO - [^DJI] 無策略勝過 Baseline（或正報酬）
2025-08-20 11:14:09,751 - INFO - [GC=F] Baseline(日均 %) = 0.0426
2025-08-20 11:14:10,007 - INFO - [GC=F] 策略 VolumeBreakout 回測報酬：2.45%（Baseline 0.04%）
2025-08-20 11:14:11,788 - INFO - [GC=F] 策略 MLStrategy 回測報酬：24.94%（Baseline 0.04%）
2025-08-20 11:14:11,788 - INFO - [GC=F] ✅ 最佳策略：MLStrategy | Return 24.94% > Baseline 0.04% → 已輸出 data/strategy_best_GC=F.json
2025-08-20 11:14:11,798 - INFO - [^GSPC] Baseline(日均 %) = 0.1711
2025-08-20 11:14:12,048 - INFO - [^GSPC] 策略 VolumeBreakout 回測報酬：0.22%（Baseline 0.17%）
2025-08-20 11:14:13,760 - INFO - [^GSPC] 策略 MLStrategy 回測報酬：33.99%（Baseline 0.17%）
2025-08-20 11:14:13,760 - INFO - [^GSPC] ✅ 最佳策略：MLStrategy | Return 33.99% > Baseline 0.17% → 已輸出 data/strategy_best_^GSPC.json
2025-08-20 11:14:13,770 - INFO - [^IXIC] Baseline(日均 %) = 0.2221
2025-08-20 11:14:14,017 - INFO - [^IXIC] 策略 VolumeBreakout 回測報酬：0.00%（Baseline 0.22%）
2025-08-20 11:14:15,718 - INFO - [^IXIC] 策略 MLStrategy 回測報酬：0.00%（Baseline 0.22%）
2025-08-20 11:14:15,718 - INFO - [^IXIC] 無策略勝過 Baseline（或正報酬）
2025-08-20 11:14:15,728 - INFO - [SPY] Baseline(日均 %) = 0.1761
2025-08-20 11:14:15,972 - INFO - [SPY] 策略 VolumeBreakout 回測報酬：0.00%（Baseline 0.18%）
2025-08-20 11:14:17,675 - INFO - [SPY] 策略 MLStrategy 回測報酬：2.98%（Baseline 0.18%）
2025-08-20 11:14:17,675 - INFO - [SPY] ✅ 最佳策略：MLStrategy | Return 2.98% > Baseline 0.18% → 已輸出 data/strategy_best_SPY.json
2025-08-20 11:14:17,685 - INFO - [TSM] Baseline(日均 %) = 0.3493
2025-08-20 11:14:17,936 - INFO - [TSM] 策略 VolumeBreakout 回測報酬：-0.30%（Baseline 0.35%）
2025-08-20 11:14:19,645 - INFO - [TSM] 策略 MLStrategy 回測報酬：2.71%（Baseline 0.35%）
2025-08-20 11:14:19,645 - INFO - [TSM] ✅ 最佳策略：MLStrategy | Return 2.71% > Baseline 0.35% → 已輸出 data/strategy_best_TSM.json
2025-08-20 11:14:19,655 - INFO - [2330.TW] Baseline(日均 %) = 0.2970
2025-08-20 11:14:19,899 - INFO - [2330.TW] 策略 VolumeBreakout 回測報酬：-0.55%（Baseline 0.30%）
2025-08-20 11:14:21,563 - INFO - [2330.TW] 策略 MLStrategy 回測報酬：5.71%（Baseline 0.30%）
2025-08-20 11:14:21,564 - INFO - [2330.TW] ✅ 最佳策略：MLStrategy | Return 5.71% > Baseline 0.30% → 已輸出 data/strategy_best_2330.TW.json
2025-08-20 11:14:21,564 - INFO - 策略管理師執行結束
2025-08-20 22:14:21,462 - INFO - 策略管理師開始執行
2025-08-20 22:14:21,474 - INFO - [0050.TW] Baseline(日均 %) = 0.2587
2025-08-20 22:14:21,721 - INFO - [0050.TW] 策略 VolumeBreakout 回測報酬：0.05%（Baseline 0.26%）
2025-08-20 22:14:23,410 - INFO - [0050.TW] 策略 MLStrategy 回測報酬：0.28%（Baseline 0.26%）
2025-08-20 22:14:23,411 - INFO - [0050.TW] ✅ 最佳策略：MLStrategy | Return 0.28% > Baseline 0.26% → 已輸出 data/strategy_best_0050.TW.json
2025-08-20 22:14:23,422 - INFO - [QQQ] Baseline(日均 %) = 0.1441
2025-08-20 22:14:23,669 - INFO - [QQQ] 策略 VolumeBreakout 回測報酬：0.03%（Baseline 0.14%）
2025-08-20 22:14:25,425 - INFO - [QQQ] 策略 MLStrategy 回測報酬：3.62%（Baseline 0.14%）
2025-08-20 22:14:25,426 - INFO - [QQQ] ✅ 最佳策略：MLStrategy | Return 3.62% > Baseline 0.14% → 已輸出 data/strategy_best_QQQ.json
2025-08-20 22:14:25,436 - INFO - [^TWII] Baseline(日均 %) = 0.1764
2025-08-20 22:14:25,679 - INFO - [^TWII] 策略 VolumeBreakout 回測報酬：0.00%（Baseline 0.18%）
2025-08-20 22:14:27,353 - INFO - [^TWII] 策略 MLStrategy 回測報酬：0.00%（Baseline 0.18%）
2025-08-20 22:14:27,353 - INFO - [^TWII] 無策略勝過 Baseline（或正報酬）
2025-08-20 22:14:27,364 - INFO - [BTC-USD] Baseline(日均 %) = 0.2231
2025-08-20 22:14:27,638 - INFO - [BTC-USD] 策略 VolumeBreakout 回測報酬：0.00%（Baseline 0.22%）
2025-08-20 22:14:29,739 - INFO - [BTC-USD] 策略 MLStrategy 回測報酬：0.00%（Baseline 0.22%）
2025-08-20 22:14:29,739 - INFO - [BTC-USD] 無策略勝過 Baseline（或正報酬）
2025-08-20 22:14:29,750 - INFO - [^DJI] Baseline(日均 %) = 0.1029
2025-08-20 22:14:29,998 - INFO - [^DJI] 策略 VolumeBreakout 回測報酬：0.00%（Baseline 0.10%）
2025-08-20 22:14:31,720 - INFO - [^DJI] 策略 MLStrategy 回測報酬：0.00%（Baseline 0.10%）
2025-08-20 22:14:31,720 - INFO - [^DJI] 無策略勝過 Baseline（或正報酬）
2025-08-20 22:14:31,731 - INFO - [GC=F] Baseline(日均 %) = 0.0546
2025-08-20 22:14:31,985 - INFO - [GC=F] 策略 VolumeBreakout 回測報酬：2.64%（Baseline 0.05%）
2025-08-20 22:14:33,792 - INFO - [GC=F] 策略 MLStrategy 回測報酬：25.17%（Baseline 0.05%）
2025-08-20 22:14:33,792 - INFO - [GC=F] ✅ 最佳策略：MLStrategy | Return 25.17% > Baseline 0.05% → 已輸出 data/strategy_best_GC=F.json
2025-08-20 22:14:33,802 - INFO - [^GSPC] Baseline(日均 %) = 0.1323
2025-08-20 22:14:34,048 - INFO - [^GSPC] 策略 VolumeBreakout 回測報酬：0.22%（Baseline 0.13%）
2025-08-20 22:14:35,773 - INFO - [^GSPC] 策略 MLStrategy 回測報酬：33.75%（Baseline 0.13%）
2025-08-20 22:14:35,773 - INFO - [^GSPC] ✅ 最佳策略：MLStrategy | Return 33.75% > Baseline 0.13% → 已輸出 data/strategy_best_^GSPC.json
2025-08-20 22:14:35,783 - INFO - [^IXIC] Baseline(日均 %) = 0.1690
2025-08-20 22:14:36,028 - INFO - [^IXIC] 策略 VolumeBreakout 回測報酬：0.00%（Baseline 0.17%）
2025-08-20 22:14:37,742 - INFO - [^IXIC] 策略 MLStrategy 回測報酬：0.00%（Baseline 0.17%）
2025-08-20 22:14:37,742 - INFO - [^IXIC] 無策略勝過 Baseline（或正報酬）
2025-08-20 22:14:37,752 - INFO - [SPY] Baseline(日均 %) = 0.1364
2025-08-20 22:14:37,999 - INFO - [SPY] 策略 VolumeBreakout 回測報酬：0.00%（Baseline 0.14%）
2025-08-20 22:14:39,733 - INFO - [SPY] 策略 MLStrategy 回測報酬：2.96%（Baseline 0.14%）
2025-08-20 22:14:39,733 - INFO - [SPY] ✅ 最佳策略：MLStrategy | Return 2.96% > Baseline 0.14% → 已輸出 data/strategy_best_SPY.json
2025-08-20 22:14:39,743 - INFO - [TSM] Baseline(日均 %) = 0.2691
2025-08-20 22:14:39,993 - INFO - [TSM] 策略 VolumeBreakout 回測報酬：-0.30%（Baseline 0.27%）
2025-08-20 22:14:41,718 - INFO - [TSM] 策略 MLStrategy 回測報酬：2.71%（Baseline 0.27%）
2025-08-20 22:14:41,719 - INFO - [TSM] ✅ 最佳策略：MLStrategy | Return 2.71% > Baseline 0.27% → 已輸出 data/strategy_best_TSM.json
2025-08-20 22:14:41,729 - INFO - [2330.TW] Baseline(日均 %) = 0.2970
2025-08-20 22:14:41,973 - INFO - [2330.TW] 策略 VolumeBreakout 回測報酬：-0.55%（Baseline 0.30%）
2025-08-20 22:14:43,647 - INFO - [2330.TW] 策略 MLStrategy 回測報酬：5.71%（Baseline 0.30%）
2025-08-20 22:14:43,647 - INFO - [2330.TW] ✅ 最佳策略：MLStrategy | Return 5.71% > Baseline 0.30% → 已輸出 data/strategy_best_2330.TW.json
2025-08-20 22:14:43,647 - INFO - 策略管理師執行結束
2025-08-21 06:38:04,105 - INFO - 策略管理師開始執行
2025-08-21 06:38:04,118 - INFO - [0050.TW] Baseline(日均 %) = 0.2648
2025-08-21 06:38:04,368 - INFO - [0050.TW] 策略 VolumeBreakout 回測報酬：0.05%（Baseline 0.26%）
2025-08-21 06:38:06,078 - INFO - [0050.TW] 策略 MLStrategy 回測報酬：0.28%（Baseline 0.26%）
2025-08-21 06:38:06,078 - INFO - [0050.TW] ✅ 最佳策略：MLStrategy | Return 0.28% > Baseline 0.26% → 已輸出 data/strategy_best_0050.TW.json
2025-08-21 06:38:06,088 - INFO - [QQQ] Baseline(日均 %) = 0.1441
2025-08-21 06:38:06,340 - INFO - [QQQ] 策略 VolumeBreakout 回測報酬：0.03%（Baseline 0.14%）
2025-08-21 06:38:08,062 - INFO - [QQQ] 策略 MLStrategy 回測報酬：3.62%（Baseline 0.14%）
2025-08-21 06:38:08,062 - INFO - [QQQ] ✅ 最佳策略：MLStrategy | Return 3.62% > Baseline 0.14% → 已輸出 data/strategy_best_QQQ.json
2025-08-21 06:38:08,072 - INFO - [^TWII] Baseline(日均 %) = 0.2043
2025-08-21 06:38:08,321 - INFO - [^TWII] 策略 VolumeBreakout 回測報酬：0.00%（Baseline 0.20%）
2025-08-21 06:38:09,985 - INFO - [^TWII] 策略 MLStrategy 回測報酬：0.00%（Baseline 0.20%）
2025-08-21 06:38:09,985 - INFO - [^TWII] 無策略勝過 Baseline（或正報酬）
2025-08-21 06:38:09,996 - INFO - [BTC-USD] Baseline(日均 %) = 0.2173
2025-08-21 06:38:10,275 - INFO - [BTC-USD] 策略 VolumeBreakout 回測報酬：0.00%（Baseline 0.22%）
2025-08-21 06:38:12,349 - INFO - [BTC-USD] 策略 MLStrategy 回測報酬：0.00%（Baseline 0.22%）
2025-08-21 06:38:12,349 - INFO - [BTC-USD] 無策略勝過 Baseline（或正報酬）
2025-08-21 06:38:12,359 - INFO - [^DJI] Baseline(日均 %) = 0.1029
2025-08-21 06:38:12,607 - INFO - [^DJI] 策略 VolumeBreakout 回測報酬：0.00%（Baseline 0.10%）
2025-08-21 06:38:14,291 - INFO - [^DJI] 策略 MLStrategy 回測報酬：0.00%（Baseline 0.10%）
2025-08-21 06:38:14,291 - INFO - [^DJI] 無策略勝過 Baseline（或正報酬）
2025-08-21 06:38:14,301 - INFO - [GC=F] Baseline(日均 %) = 0.0370
2025-08-21 06:38:14,560 - INFO - [GC=F] 策略 VolumeBreakout 回測報酬：2.54%（Baseline 0.04%）
2025-08-21 06:38:16,340 - INFO - [GC=F] 策略 MLStrategy 回測報酬：25.55%（Baseline 0.04%）
2025-08-21 06:38:16,340 - INFO - [GC=F] ✅ 最佳策略：MLStrategy | Return 25.55% > Baseline 0.04% → 已輸出 data/strategy_best_GC=F.json
2025-08-21 06:38:16,350 - INFO - [^GSPC] Baseline(日均 %) = 0.1323
2025-08-21 06:38:16,599 - INFO - [^GSPC] 策略 VolumeBreakout 回測報酬：0.22%（Baseline 0.13%）
2025-08-21 06:38:18,305 - INFO - [^GSPC] 策略 MLStrategy 回測報酬：33.75%（Baseline 0.13%）
2025-08-21 06:38:18,306 - INFO - [^GSPC] ✅ 最佳策略：MLStrategy | Return 33.75% > Baseline 0.13% → 已輸出 data/strategy_best_^GSPC.json
2025-08-21 06:38:18,315 - INFO - [^IXIC] Baseline(日均 %) = 0.1690
2025-08-21 06:38:18,563 - INFO - [^IXIC] 策略 VolumeBreakout 回測報酬：0.00%（Baseline 0.17%）
2025-08-21 06:38:20,268 - INFO - [^IXIC] 策略 MLStrategy 回測報酬：0.00%（Baseline 0.17%）
2025-08-21 06:38:20,268 - INFO - [^IXIC] 無策略勝過 Baseline（或正報酬）
2025-08-21 06:38:20,278 - INFO - [SPY] Baseline(日均 %) = 0.1364
2025-08-21 06:38:20,525 - INFO - [SPY] 策略 VolumeBreakout 回測報酬：0.00%（Baseline 0.14%）
2025-08-21 06:38:22,244 - INFO - [SPY] 策略 MLStrategy 回測報酬：2.96%（Baseline 0.14%）
2025-08-21 06:38:22,245 - INFO - [SPY] ✅ 最佳策略：MLStrategy | Return 2.96% > Baseline 0.14% → 已輸出 data/strategy_best_SPY.json
2025-08-21 06:38:22,255 - INFO - [TSM] Baseline(日均 %) = 0.2691
2025-08-21 06:38:22,518 - INFO - [TSM] 策略 VolumeBreakout 回測報酬：-0.30%（Baseline 0.27%）
2025-08-21 06:38:24,229 - INFO - [TSM] 策略 MLStrategy 回測報酬：2.71%（Baseline 0.27%）
2025-08-21 06:38:24,229 - INFO - [TSM] ✅ 最佳策略：MLStrategy | Return 2.71% > Baseline 0.27% → 已輸出 data/strategy_best_TSM.json
2025-08-21 06:38:24,239 - INFO - [2330.TW] Baseline(日均 %) = 0.3159
2025-08-21 06:38:24,484 - INFO - [2330.TW] 策略 VolumeBreakout 回測報酬：-0.51%（Baseline 0.32%）
2025-08-21 06:38:26,163 - INFO - [2330.TW] 策略 MLStrategy 回測報酬：5.80%（Baseline 0.32%）
2025-08-21 06:38:26,164 - INFO - [2330.TW] ✅ 最佳策略：MLStrategy | Return 5.80% > Baseline 0.32% → 已輸出 data/strategy_best_2330.TW.json
2025-08-21 06:38:26,164 - INFO - 策略管理師執行結束
2025-08-21 11:14:11,923 - INFO - 策略管理師開始執行
2025-08-21 11:14:11,937 - INFO - [0050.TW] Baseline(日均 %) = 0.2648
2025-08-21 11:14:12,187 - INFO - [0050.TW] 策略 VolumeBreakout 回測報酬：0.05%（Baseline 0.26%）
2025-08-21 11:14:13,969 - INFO - [0050.TW] 策略 MLStrategy 回測報酬：0.28%（Baseline 0.26%）
2025-08-21 11:14:13,969 - INFO - [0050.TW] ✅ 最佳策略：MLStrategy | Return 0.28% > Baseline 0.26% → 已輸出 data/strategy_best_0050.TW.json
2025-08-21 11:14:13,979 - INFO - [QQQ] Baseline(日均 %) = 0.1441
2025-08-21 11:14:14,232 - INFO - [QQQ] 策略 VolumeBreakout 回測報酬：0.03%（Baseline 0.14%）
2025-08-21 11:14:16,062 - INFO - [QQQ] 策略 MLStrategy 回測報酬：3.62%（Baseline 0.14%）
2025-08-21 11:14:16,063 - INFO - [QQQ] ✅ 最佳策略：MLStrategy | Return 3.62% > Baseline 0.14% → 已輸出 data/strategy_best_QQQ.json
2025-08-21 11:14:16,073 - INFO - [^TWII] Baseline(日均 %) = 0.2013
2025-08-21 11:14:16,319 - INFO - [^TWII] 策略 VolumeBreakout 回測報酬：0.00%（Baseline 0.20%）
2025-08-21 11:14:18,084 - INFO - [^TWII] 策略 MLStrategy 回測報酬：0.00%（Baseline 0.20%）
2025-08-21 11:14:18,084 - INFO - [^TWII] 無策略勝過 Baseline（或正報酬）
2025-08-21 11:14:18,095 - INFO - [BTC-USD] Baseline(日均 %) = 0.1314
2025-08-21 11:14:18,372 - INFO - [BTC-USD] 策略 VolumeBreakout 回測報酬：0.00%（Baseline 0.13%）
2025-08-21 11:14:20,523 - INFO - [BTC-USD] 策略 MLStrategy 回測報酬：0.00%（Baseline 0.13%）
2025-08-21 11:14:20,523 - INFO - [BTC-USD] 無策略勝過 Baseline（或正報酬）
2025-08-21 11:14:20,533 - INFO - [^DJI] Baseline(日均 %) = 0.1029
2025-08-21 11:14:20,781 - INFO - [^DJI] 策略 VolumeBreakout 回測報酬：0.00%（Baseline 0.10%）
2025-08-21 11:14:22,568 - INFO - [^DJI] 策略 MLStrategy 回測報酬：0.00%（Baseline 0.10%）
2025-08-21 11:14:22,568 - INFO - [^DJI] 無策略勝過 Baseline（或正報酬）
2025-08-21 11:14:22,578 - INFO - [GC=F] Baseline(日均 %) = 0.0376
2025-08-21 11:14:22,839 - INFO - [GC=F] 策略 VolumeBreakout 回測報酬：2.55%（Baseline 0.04%）
2025-08-21 11:14:24,733 - INFO - [GC=F] 策略 MLStrategy 回測報酬：25.56%（Baseline 0.04%）
2025-08-21 11:14:24,733 - INFO - [GC=F] ✅ 最佳策略：MLStrategy | Return 25.56% > Baseline 0.04% → 已輸出 data/strategy_best_GC=F.json
2025-08-21 11:14:24,743 - INFO - [^GSPC] Baseline(日均 %) = 0.1323
2025-08-21 11:14:24,994 - INFO - [^GSPC] 策略 VolumeBreakout 回測報酬：0.22%（Baseline 0.13%）
2025-08-21 11:14:26,819 - INFO - [^GSPC] 策略 MLStrategy 回測報酬：33.75%（Baseline 0.13%）
2025-08-21 11:14:26,820 - INFO - [^GSPC] ✅ 最佳策略：MLStrategy | Return 33.75% > Baseline 0.13% → 已輸出 data/strategy_best_^GSPC.json
2025-08-21 11:14:26,830 - INFO - [^IXIC] Baseline(日均 %) = 0.1690
2025-08-21 11:14:27,080 - INFO - [^IXIC] 策略 VolumeBreakout 回測報酬：0.00%（Baseline 0.17%）
2025-08-21 11:14:28,895 - INFO - [^IXIC] 策略 MLStrategy 回測報酬：0.00%（Baseline 0.17%）
2025-08-21 11:14:28,895 - INFO - [^IXIC] 無策略勝過 Baseline（或正報酬）
2025-08-21 11:14:28,906 - INFO - [SPY] Baseline(日均 %) = 0.1364
2025-08-21 11:14:29,155 - INFO - [SPY] 策略 VolumeBreakout 回測報酬：0.00%（Baseline 0.14%）
2025-08-21 11:14:30,973 - INFO - [SPY] 策略 MLStrategy 回測報酬：2.96%（Baseline 0.14%）
2025-08-21 11:14:30,973 - INFO - [SPY] ✅ 最佳策略：MLStrategy | Return 2.96% > Baseline 0.14% → 已輸出 data/strategy_best_SPY.json
2025-08-21 11:14:30,983 - INFO - [TSM] Baseline(日均 %) = 0.2691
2025-08-21 11:14:31,237 - INFO - [TSM] 策略 VolumeBreakout 回測報酬：-0.30%（Baseline 0.27%）
2025-08-21 11:14:33,046 - INFO - [TSM] 策略 MLStrategy 回測報酬：2.71%（Baseline 0.27%）
2025-08-21 11:14:33,046 - INFO - [TSM] ✅ 最佳策略：MLStrategy | Return 2.71% > Baseline 0.27% → 已輸出 data/strategy_best_TSM.json
2025-08-21 11:14:33,056 - INFO - [2330.TW] Baseline(日均 %) = 0.3159
2025-08-21 11:14:33,304 - INFO - [2330.TW] 策略 VolumeBreakout 回測報酬：-0.51%（Baseline 0.32%）
2025-08-21 11:14:35,062 - INFO - [2330.TW] 策略 MLStrategy 回測報酬：5.80%（Baseline 0.32%）
2025-08-21 11:14:35,063 - INFO - [2330.TW] ✅ 最佳策略：MLStrategy | Return 5.80% > Baseline 0.32% → 已輸出 data/strategy_best_2330.TW.json
2025-08-21 11:14:35,063 - INFO - 策略管理師執行結束
2025-08-21 22:16:38,559 - INFO - 策略管理師開始執行
2025-08-21 22:16:38,573 - INFO - [0050.TW] Baseline(日均 %) = 0.2648
2025-08-21 22:16:38,825 - INFO - [0050.TW] 策略 VolumeBreakout 回測報酬：0.05%（Baseline 0.26%）
2025-08-21 22:16:40,529 - INFO - [0050.TW] 策略 MLStrategy 回測報酬：0.29%（Baseline 0.26%）
2025-08-21 22:16:40,529 - INFO - [0050.TW] ✅ 最佳策略：MLStrategy | Return 0.29% > Baseline 0.26% → 已輸出 data/strategy_best_0050.TW.json
2025-08-21 22:16:40,539 - INFO - [QQQ] Baseline(日均 %) = 0.1438
2025-08-21 22:16:40,790 - INFO - [QQQ] 策略 VolumeBreakout 回測報酬：0.03%（Baseline 0.14%）
2025-08-21 22:16:42,547 - INFO - [QQQ] 策略 MLStrategy 回測報酬：3.62%（Baseline 0.14%）
2025-08-21 22:16:42,548 - INFO - [QQQ] ✅ 最佳策略：MLStrategy | Return 3.62% > Baseline 0.14% → 已輸出 data/strategy_best_QQQ.json
2025-08-21 22:16:42,557 - INFO - [^TWII] Baseline(日均 %) = 0.2013
2025-08-21 22:16:42,804 - INFO - [^TWII] 策略 VolumeBreakout 回測報酬：0.00%（Baseline 0.20%）
2025-08-21 22:16:44,500 - INFO - [^TWII] 策略 MLStrategy 回測報酬：0.00%（Baseline 0.20%）
2025-08-21 22:16:44,501 - INFO - [^TWII] 無策略勝過 Baseline（或正報酬）
2025-08-21 22:16:44,511 - INFO - [BTC-USD] Baseline(日均 %) = 0.1178
2025-08-21 22:16:44,786 - INFO - [BTC-USD] 策略 VolumeBreakout 回測報酬：0.00%（Baseline 0.12%）
2025-08-21 22:16:46,880 - INFO - [BTC-USD] 策略 MLStrategy 回測報酬：0.00%（Baseline 0.12%）
2025-08-21 22:16:46,880 - INFO - [BTC-USD] 無策略勝過 Baseline（或正報酬）
2025-08-21 22:16:46,890 - INFO - [^DJI] Baseline(日均 %) = 0.1070
2025-08-21 22:16:47,139 - INFO - [^DJI] 策略 VolumeBreakout 回測報酬：0.00%（Baseline 0.11%）
2025-08-21 22:16:48,864 - INFO - [^DJI] 策略 MLStrategy 回測報酬：0.00%（Baseline 0.11%）
2025-08-21 22:16:48,865 - INFO - [^DJI] 無策略勝過 Baseline（或正報酬）
2025-08-21 22:16:48,874 - INFO - [GC=F] Baseline(日均 %) = 0.0379
2025-08-21 22:16:49,131 - INFO - [GC=F] 策略 VolumeBreakout 回測報酬：2.55%（Baseline 0.04%）
2025-08-21 22:16:50,941 - INFO - [GC=F] 策略 MLStrategy 回測報酬：25.57%（Baseline 0.04%）
2025-08-21 22:16:50,941 - INFO - [GC=F] ✅ 最佳策略：MLStrategy | Return 25.57% > Baseline 0.04% → 已輸出 data/strategy_best_GC=F.json
2025-08-21 22:16:50,951 - INFO - [^GSPC] Baseline(日均 %) = 0.1350
2025-08-21 22:16:51,207 - INFO - [^GSPC] 策略 VolumeBreakout 回測報酬：0.22%（Baseline 0.13%）
2025-08-21 22:16:52,981 - INFO - [^GSPC] 策略 MLStrategy 回測報酬：33.75%（Baseline 0.13%）
2025-08-21 22:16:52,982 - INFO - [^GSPC] ✅ 最佳策略：MLStrategy | Return 33.75% > Baseline 0.13% → 已輸出 data/strategy_best_^GSPC.json
2025-08-21 22:16:52,992 - INFO - [^IXIC] Baseline(日均 %) = 0.1718
2025-08-21 22:16:53,241 - INFO - [^IXIC] 策略 VolumeBreakout 回測報酬：0.00%（Baseline 0.17%）
2025-08-21 22:16:54,984 - INFO - [^IXIC] 策略 MLStrategy 回測報酬：0.00%（Baseline 0.17%）
2025-08-21 22:16:54,984 - INFO - [^IXIC] 無策略勝過 Baseline（或正報酬）
2025-08-21 22:16:54,994 - INFO - [SPY] Baseline(日均 %) = 0.1394
2025-08-21 22:16:55,238 - INFO - [SPY] 策略 VolumeBreakout 回測報酬：0.00%（Baseline 0.14%）
2025-08-21 22:16:56,975 - INFO - [SPY] 策略 MLStrategy 回測報酬：2.96%（Baseline 0.14%）
2025-08-21 22:16:56,976 - INFO - [SPY] ✅ 最佳策略：MLStrategy | Return 2.96% > Baseline 0.14% → 已輸出 data/strategy_best_SPY.json
2025-08-21 22:16:56,985 - INFO - [TSM] Baseline(日均 %) = 0.2729
2025-08-21 22:16:57,238 - INFO - [TSM] 策略 VolumeBreakout 回測報酬：-0.30%（Baseline 0.27%）
2025-08-21 22:16:58,969 - INFO - [TSM] 策略 MLStrategy 回測報酬：2.71%（Baseline 0.27%）
2025-08-21 22:16:58,969 - INFO - [TSM] ✅ 最佳策略：MLStrategy | Return 2.71% > Baseline 0.27% → 已輸出 data/strategy_best_TSM.json
2025-08-21 22:16:58,979 - INFO - [2330.TW] Baseline(日均 %) = 0.3159
2025-08-21 22:16:59,222 - INFO - [2330.TW] 策略 VolumeBreakout 回測報酬：-0.51%（Baseline 0.32%）
2025-08-21 22:17:00,924 - INFO - [2330.TW] 策略 MLStrategy 回測報酬：5.80%（Baseline 0.32%）
2025-08-21 22:17:00,925 - INFO - [2330.TW] ✅ 最佳策略：MLStrategy | Return 5.80% > Baseline 0.32% → 已輸出 data/strategy_best_2330.TW.json
2025-08-21 22:17:00,925 - INFO - 策略管理師執行結束
2025-08-22 06:28:48,699 - INFO - 策略管理師開始執行
2025-08-22 06:28:48,714 - INFO - [0050.TW] Baseline(日均 %) = 0.2913
2025-08-22 06:28:48,968 - INFO - [0050.TW] 策略 VolumeBreakout 回測報酬：0.05%（Baseline 0.29%）
2025-08-22 06:28:50,734 - INFO - [0050.TW] 策略 MLStrategy 回測報酬：0.29%（Baseline 0.29%）
2025-08-22 06:28:50,735 - INFO - [0050.TW] 無策略勝過 Baseline（或正報酬）
2025-08-22 06:28:50,745 - INFO - [QQQ] Baseline(日均 %) = 0.1438
2025-08-22 06:28:50,999 - INFO - [QQQ] 策略 VolumeBreakout 回測報酬：0.03%（Baseline 0.14%）
2025-08-22 06:28:52,862 - INFO - [QQQ] 策略 MLStrategy 回測報酬：3.62%（Baseline 0.14%）
2025-08-22 06:28:52,863 - INFO - [QQQ] ✅ 最佳策略：MLStrategy | Return 3.62% > Baseline 0.14% → 已輸出 data/strategy_best_QQQ.json
2025-08-22 06:28:52,874 - INFO - [^TWII] Baseline(日均 %) = 0.2189
2025-08-22 06:28:53,126 - INFO - [^TWII] 策略 VolumeBreakout 回測報酬：0.00%（Baseline 0.22%）
2025-08-22 06:28:54,922 - INFO - [^TWII] 策略 MLStrategy 回測報酬：0.00%（Baseline 0.22%）
2025-08-22 06:28:54,922 - INFO - [^TWII] 無策略勝過 Baseline（或正報酬）
2025-08-22 06:28:54,933 - INFO - [BTC-USD] Baseline(日均 %) = 0.1282
2025-08-22 06:28:55,214 - INFO - [BTC-USD] 策略 VolumeBreakout 回測報酬：0.00%（Baseline 0.13%）
2025-08-22 06:28:57,395 - INFO - [BTC-USD] 策略 MLStrategy 回測報酬：0.00%（Baseline 0.13%）
2025-08-22 06:28:57,395 - INFO - [BTC-USD] 無策略勝過 Baseline（或正報酬）
2025-08-22 06:28:57,406 - INFO - [^DJI] Baseline(日均 %) = 0.1070
2025-08-22 06:28:57,658 - INFO - [^DJI] 策略 VolumeBreakout 回測報酬：0.00%（Baseline 0.11%）
2025-08-22 06:28:59,466 - INFO - [^DJI] 策略 MLStrategy 回測報酬：0.00%（Baseline 0.11%）
2025-08-22 06:28:59,466 - INFO - [^DJI] 無策略勝過 Baseline（或正報酬）
2025-08-22 06:28:59,477 - INFO - [GC=F] Baseline(日均 %) = 0.0465
2025-08-22 06:28:59,738 - INFO - [GC=F] 策略 VolumeBreakout 回測報酬：2.44%（Baseline 0.05%）
2025-08-22 06:29:01,641 - INFO - [GC=F] 策略 MLStrategy 回測報酬：25.05%（Baseline 0.05%）
2025-08-22 06:29:01,641 - INFO - [GC=F] ✅ 最佳策略：MLStrategy | Return 25.05% > Baseline 0.05% → 已輸出 data/strategy_best_GC=F.json
2025-08-22 06:29:01,652 - INFO - [^GSPC] Baseline(日均 %) = 0.1350
2025-08-22 06:29:01,905 - INFO - [^GSPC] 策略 VolumeBreakout 回測報酬：0.22%（Baseline 0.13%）
2025-08-22 06:29:03,727 - INFO - [^GSPC] 策略 MLStrategy 回測報酬：33.75%（Baseline 0.13%）
2025-08-22 06:29:03,728 - INFO - [^GSPC] ✅ 最佳策略：MLStrategy | Return 33.75% > Baseline 0.13% → 已輸出 data/strategy_best_^GSPC.json
2025-08-22 06:29:03,738 - INFO - [^IXIC] Baseline(日均 %) = 0.1718
2025-08-22 06:29:03,993 - INFO - [^IXIC] 策略 VolumeBreakout 回測報酬：0.00%（Baseline 0.17%）
2025-08-22 06:29:05,822 - INFO - [^IXIC] 策略 MLStrategy 回測報酬：0.00%（Baseline 0.17%）
2025-08-22 06:29:05,822 - INFO - [^IXIC] 無策略勝過 Baseline（或正報酬）
2025-08-22 06:29:05,832 - INFO - [SPY] Baseline(日均 %) = 0.1394
2025-08-22 06:29:06,084 - INFO - [SPY] 策略 VolumeBreakout 回測報酬：0.00%（Baseline 0.14%）
2025-08-22 06:29:07,942 - INFO - [SPY] 策略 MLStrategy 回測報酬：2.96%（Baseline 0.14%）
2025-08-22 06:29:07,943 - INFO - [SPY] ✅ 最佳策略：MLStrategy | Return 2.96% > Baseline 0.14% → 已輸出 data/strategy_best_SPY.json
2025-08-22 06:29:07,953 - INFO - [TSM] Baseline(日均 %) = 0.2729
2025-08-22 06:29:08,212 - INFO - [TSM] 策略 VolumeBreakout 回測報酬：-0.30%（Baseline 0.27%）
2025-08-22 06:29:10,041 - INFO - [TSM] 策略 MLStrategy 回測報酬：2.71%（Baseline 0.27%）
2025-08-22 06:29:10,041 - INFO - [TSM] ✅ 最佳策略：MLStrategy | Return 2.71% > Baseline 0.27% → 已輸出 data/strategy_best_TSM.json
2025-08-22 06:29:10,052 - INFO - [2330.TW] Baseline(日均 %) = 0.3011
2025-08-22 06:29:10,302 - INFO - [2330.TW] 策略 VolumeBreakout 回測報酬：-0.51%（Baseline 0.30%）
2025-08-22 06:29:12,067 - INFO - [2330.TW] 策略 MLStrategy 回測報酬：5.84%（Baseline 0.30%）
2025-08-22 06:29:12,068 - INFO - [2330.TW] ✅ 最佳策略：MLStrategy | Return 5.84% > Baseline 0.30% → 已輸出 data/strategy_best_2330.TW.json
2025-08-22 06:29:12,068 - INFO - 策略管理師執行結束
