Traceback (most recent call last):
  File "/home/runner/work/daily-podcast-stk/daily-podcast-stk/scripts/strategy_manager.py", line 7, in <module>
    import pandas as pd
ModuleNotFoundError: No module named 'pandas'
2025-08-19 03:56:24,463 - INFO - 策略管理師開始執行
2025-08-19 03:56:24,469 - ERROR - 策略管理師執行失敗: unsupported operand type(s) for /: 'str' and 'str'
Traceback (most recent call last):
  File "/opt/hostedtoolcache/Python/3.10.18/x64/lib/python3.10/site-packages/pandas/core/ops/array_ops.py", line 218, in _na_arithmetic_op
    result = func(left, right)
  File "/opt/hostedtoolcache/Python/3.10.18/x64/lib/python3.10/site-packages/pandas/core/computation/expressions.py", line 242, in evaluate
    return _evaluate(op, op_str, a, b)  # type: ignore[misc]
  File "/opt/hostedtoolcache/Python/3.10.18/x64/lib/python3.10/site-packages/pandas/core/computation/expressions.py", line 73, in _evaluate_standard
    return op(a, b)
TypeError: unsupported operand type(s) for /: 'str' and 'NoneType'

During handling of the above exception, another exception occurred:

Traceback (most recent call last):
  File "/home/runner/work/daily-podcast-stk/daily-podcast-stk/scripts/strategy_manager.py", line 185, in <module>
    main()
  File "/home/runner/work/daily-podcast-stk/daily-podcast-stk/scripts/strategy_manager.py", line 144, in main
    baseline_return = get_market_baseline(df)
  File "/home/runner/work/daily-podcast-stk/daily-podcast-stk/scripts/strategy_manager.py", line 109, in get_market_baseline
    daily_change = df['Close'].pct_change().iloc[-1] * 100
  File "/opt/hostedtoolcache/Python/3.10.18/x64/lib/python3.10/site-packages/pandas/core/generic.py", line 12180, in pct_change
    rs = data / shifted - 1  # type: ignore[operator]
  File "/opt/hostedtoolcache/Python/3.10.18/x64/lib/python3.10/site-packages/pandas/core/ops/common.py", line 76, in new_method
    return method(self, other)
  File "/opt/hostedtoolcache/Python/3.10.18/x64/lib/python3.10/site-packages/pandas/core/arraylike.py", line 210, in __truediv__
    return self._arith_method(other, operator.truediv)
  File "/opt/hostedtoolcache/Python/3.10.18/x64/lib/python3.10/site-packages/pandas/core/series.py", line 6146, in _arith_method
    return base.IndexOpsMixin._arith_method(self, other, op)
  File "/opt/hostedtoolcache/Python/3.10.18/x64/lib/python3.10/site-packages/pandas/core/base.py", line 1391, in _arith_method
    result = ops.arithmetic_op(lvalues, rvalues, op)
  File "/opt/hostedtoolcache/Python/3.10.18/x64/lib/python3.10/site-packages/pandas/core/ops/array_ops.py", line 283, in arithmetic_op
    res_values = _na_arithmetic_op(left, right, op)  # type: ignore[arg-type]
  File "/opt/hostedtoolcache/Python/3.10.18/x64/lib/python3.10/site-packages/pandas/core/ops/array_ops.py", line 227, in _na_arithmetic_op
    result = _masked_arith_op(left, right, op)
  File "/opt/hostedtoolcache/Python/3.10.18/x64/lib/python3.10/site-packages/pandas/core/ops/array_ops.py", line 163, in _masked_arith_op
    result[mask] = op(xrav[mask], yrav[mask])
TypeError: unsupported operand type(s) for /: 'str' and 'str'
2025-08-19 03:56:24,472 - INFO - 策略管理師執行結束
2025-08-19 04:22:31,634 - INFO - 策略管理師開始執行
2025-08-19 04:22:31,640 - ERROR - 策略管理師執行失敗: unsupported operand type(s) for /: 'str' and 'str'
Traceback (most recent call last):
  File "/opt/hostedtoolcache/Python/3.10.18/x64/lib/python3.10/site-packages/pandas/core/ops/array_ops.py", line 218, in _na_arithmetic_op
    result = func(left, right)
  File "/opt/hostedtoolcache/Python/3.10.18/x64/lib/python3.10/site-packages/pandas/core/computation/expressions.py", line 242, in evaluate
    return _evaluate(op, op_str, a, b)  # type: ignore[misc]
  File "/opt/hostedtoolcache/Python/3.10.18/x64/lib/python3.10/site-packages/pandas/core/computation/expressions.py", line 73, in _evaluate_standard
    return op(a, b)
TypeError: unsupported operand type(s) for /: 'str' and 'NoneType'

During handling of the above exception, another exception occurred:

Traceback (most recent call last):
  File "/home/runner/work/daily-podcast-stk/daily-podcast-stk/scripts/strategy_manager.py", line 185, in <module>
    main()
  File "/home/runner/work/daily-podcast-stk/daily-podcast-stk/scripts/strategy_manager.py", line 144, in main
    baseline_return = get_market_baseline(df)
  File "/home/runner/work/daily-podcast-stk/daily-podcast-stk/scripts/strategy_manager.py", line 109, in get_market_baseline
    daily_change = df['Close'].pct_change().iloc[-1] * 100
  File "/opt/hostedtoolcache/Python/3.10.18/x64/lib/python3.10/site-packages/pandas/core/generic.py", line 12180, in pct_change
    rs = data / shifted - 1  # type: ignore[operator]
  File "/opt/hostedtoolcache/Python/3.10.18/x64/lib/python3.10/site-packages/pandas/core/ops/common.py", line 76, in new_method
    return method(self, other)
  File "/opt/hostedtoolcache/Python/3.10.18/x64/lib/python3.10/site-packages/pandas/core/arraylike.py", line 210, in __truediv__
    return self._arith_method(other, operator.truediv)
  File "/opt/hostedtoolcache/Python/3.10.18/x64/lib/python3.10/site-packages/pandas/core/series.py", line 6146, in _arith_method
    return base.IndexOpsMixin._arith_method(self, other, op)
  File "/opt/hostedtoolcache/Python/3.10.18/x64/lib/python3.10/site-packages/pandas/core/base.py", line 1391, in _arith_method
    result = ops.arithmetic_op(lvalues, rvalues, op)
  File "/opt/hostedtoolcache/Python/3.10.18/x64/lib/python3.10/site-packages/pandas/core/ops/array_ops.py", line 283, in arithmetic_op
    res_values = _na_arithmetic_op(left, right, op)  # type: ignore[arg-type]
  File "/opt/hostedtoolcache/Python/3.10.18/x64/lib/python3.10/site-packages/pandas/core/ops/array_ops.py", line 227, in _na_arithmetic_op
    result = _masked_arith_op(left, right, op)
  File "/opt/hostedtoolcache/Python/3.10.18/x64/lib/python3.10/site-packages/pandas/core/ops/array_ops.py", line 163, in _masked_arith_op
    result[mask] = op(xrav[mask], yrav[mask])
TypeError: unsupported operand type(s) for /: 'str' and 'str'
2025-08-19 04:22:31,642 - INFO - 策略管理師執行結束
2025-08-19 04:49:56,664 - INFO - 策略管理師開始執行
2025-08-19 04:49:56,677 - INFO - [0050.TW] Baseline(日均 %) = 0.3078
2025-08-19 04:49:56,928 - INFO - [0050.TW] 策略 VolumeBreakout 回測報酬：0.06%（Baseline 0.31%）
2025-08-19 04:49:58,633 - INFO - [0050.TW] 策略 MLStrategy 回測報酬：0.28%（Baseline 0.31%）
2025-08-19 04:49:58,633 - INFO - [0050.TW] 無策略勝過 Baseline（或正報酬）
2025-08-19 04:49:58,643 - INFO - [QQQ] Baseline(日均 %) = 0.2013
2025-08-19 04:49:58,896 - INFO - [QQQ] 策略 VolumeBreakout 回測報酬：0.03%（Baseline 0.20%）
2025-08-19 04:50:00,631 - INFO - [QQQ] 策略 MLStrategy 回測報酬：3.65%（Baseline 0.20%）
2025-08-19 04:50:00,631 - INFO - [QQQ] ✅ 最佳策略：MLStrategy | Return 3.65% > Baseline 0.20% → 已輸出 data/strategy_best_QQQ.json
2025-08-19 04:50:00,641 - INFO - [^TWII] Baseline(日均 %) = 0.2298
2025-08-19 04:50:00,890 - INFO - [^TWII] 策略 VolumeBreakout 回測報酬：0.00%（Baseline 0.23%）
2025-08-19 04:50:02,602 - INFO - [^TWII] 策略 MLStrategy 回測報酬：0.00%（Baseline 0.23%）
2025-08-19 04:50:02,602 - INFO - [^TWII] 無策略勝過 Baseline（或正報酬）
2025-08-19 04:50:02,613 - INFO - [BTC-USD] Baseline(日均 %) = 0.1957
2025-08-19 04:50:02,892 - INFO - [BTC-USD] 策略 VolumeBreakout 回測報酬：0.00%（Baseline 0.20%）
2025-08-19 04:50:04,952 - INFO - [BTC-USD] 策略 MLStrategy 回測報酬：0.00%（Baseline 0.20%）
2025-08-19 04:50:04,952 - INFO - [BTC-USD] 無策略勝過 Baseline（或正報酬）
2025-08-19 04:50:04,962 - INFO - [^DJI] Baseline(日均 %) = 0.1217
2025-08-19 04:50:05,212 - INFO - [^DJI] 策略 VolumeBreakout 回測報酬：0.00%（Baseline 0.12%）
2025-08-19 04:50:06,933 - INFO - [^DJI] 策略 MLStrategy 回測報酬：0.00%（Baseline 0.12%）
2025-08-19 04:50:06,933 - INFO - [^DJI] 無策略勝過 Baseline（或正報酬）
2025-08-19 04:50:06,943 - INFO - [GC=F] Baseline(日均 %) = 0.0150
2025-08-19 04:50:07,201 - INFO - [GC=F] 策略 VolumeBreakout 回測報酬：2.60%（Baseline 0.02%）
2025-08-19 04:50:08,996 - INFO - [GC=F] 策略 MLStrategy 回測報酬：25.44%（Baseline 0.02%）
2025-08-19 04:50:08,996 - INFO - [GC=F] ✅ 最佳策略：MLStrategy | Return 25.44% > Baseline 0.02% → 已輸出 data/strategy_best_GC=F.json
2025-08-19 04:50:09,008 - INFO - [^GSPC] Baseline(日均 %) = 0.1697
2025-08-19 04:50:09,263 - INFO - [^GSPC] 策略 VolumeBreakout 回測報酬：0.22%（Baseline 0.17%）
2025-08-19 04:50:10,993 - INFO - [^GSPC] 策略 MLStrategy 回測報酬：33.99%（Baseline 0.17%）
2025-08-19 04:50:10,993 - INFO - [^GSPC] ✅ 最佳策略：MLStrategy | Return 33.99% > Baseline 0.17% → 已輸出 data/strategy_best_^GSPC.json
2025-08-19 04:50:11,003 - INFO - [^IXIC] Baseline(日均 %) = 0.2299
2025-08-19 04:50:11,254 - INFO - [^IXIC] 策略 VolumeBreakout 回測報酬：0.00%（Baseline 0.23%）
2025-08-19 04:50:12,982 - INFO - [^IXIC] 策略 MLStrategy 回測報酬：0.00%（Baseline 0.23%）
2025-08-19 04:50:12,982 - INFO - [^IXIC] 無策略勝過 Baseline（或正報酬）
2025-08-19 04:50:12,992 - INFO - [SPY] Baseline(日均 %) = 0.1737
2025-08-19 04:50:13,238 - INFO - [SPY] 策略 VolumeBreakout 回測報酬：0.00%（Baseline 0.17%）
2025-08-19 04:50:14,978 - INFO - [SPY] 策略 MLStrategy 回測報酬：2.98%（Baseline 0.17%）
2025-08-19 04:50:14,978 - INFO - [SPY] ✅ 最佳策略：MLStrategy | Return 2.98% > Baseline 0.17% → 已輸出 data/strategy_best_SPY.json
2025-08-19 04:50:14,988 - INFO - [TSM] Baseline(日均 %) = 0.3740
2025-08-19 04:50:15,250 - INFO - [TSM] 策略 VolumeBreakout 回測報酬：-0.30%（Baseline 0.37%）
2025-08-19 04:50:17,040 - INFO - [TSM] 策略 MLStrategy 回測報酬：2.73%（Baseline 0.37%）
2025-08-19 04:50:17,040 - INFO - [TSM] ✅ 最佳策略：MLStrategy | Return 2.73% > Baseline 0.37% → 已輸出 data/strategy_best_TSM.json
2025-08-19 04:50:17,050 - INFO - [2330.TW] Baseline(日均 %) = 0.3422
2025-08-19 04:50:17,298 - INFO - [2330.TW] 策略 VolumeBreakout 回測報酬：-0.10%（Baseline 0.34%）
2025-08-19 04:50:19,014 - INFO - [2330.TW] 策略 MLStrategy 回測報酬：5.88%（Baseline 0.34%）
2025-08-19 04:50:19,014 - INFO - [2330.TW] ✅ 最佳策略：MLStrategy | Return 5.88% > Baseline 0.34% → 已輸出 data/strategy_best_2330.TW.json
2025-08-19 04:50:19,014 - INFO - 策略管理師執行結束
2025-08-19 05:19:00,291 - INFO - 策略管理師開始執行
2025-08-19 05:19:00,304 - INFO - [0050.TW] Baseline(日均 %) = 0.3078
2025-08-19 05:19:00,553 - INFO - [0050.TW] 策略 VolumeBreakout 回測報酬：0.06%（Baseline 0.31%）
2025-08-19 05:19:02,205 - INFO - [0050.TW] 策略 MLStrategy 回測報酬：0.28%（Baseline 0.31%）
2025-08-19 05:19:02,205 - INFO - [0050.TW] 無策略勝過 Baseline（或正報酬）
2025-08-19 05:19:02,215 - INFO - [QQQ] Baseline(日均 %) = 0.2013
2025-08-19 05:19:02,467 - INFO - [QQQ] 策略 VolumeBreakout 回測報酬：0.03%（Baseline 0.20%）
2025-08-19 05:19:04,161 - INFO - [QQQ] 策略 MLStrategy 回測報酬：3.65%（Baseline 0.20%）
2025-08-19 05:19:04,162 - INFO - [QQQ] ✅ 最佳策略：MLStrategy | Return 3.65% > Baseline 0.20% → 已輸出 data/strategy_best_QQQ.json
2025-08-19 05:19:04,172 - INFO - [^TWII] Baseline(日均 %) = 0.2298
2025-08-19 05:19:04,418 - INFO - [^TWII] 策略 VolumeBreakout 回測報酬：0.00%（Baseline 0.23%）
2025-08-19 05:19:06,070 - INFO - [^TWII] 策略 MLStrategy 回測報酬：0.00%（Baseline 0.23%）
2025-08-19 05:19:06,071 - INFO - [^TWII] 無策略勝過 Baseline（或正報酬）
2025-08-19 05:19:06,081 - INFO - [BTC-USD] Baseline(日均 %) = 0.1957
2025-08-19 05:19:06,354 - INFO - [BTC-USD] 策略 VolumeBreakout 回測報酬：0.00%（Baseline 0.20%）
2025-08-19 05:19:08,375 - INFO - [BTC-USD] 策略 MLStrategy 回測報酬：0.00%（Baseline 0.20%）
2025-08-19 05:19:08,375 - INFO - [BTC-USD] 無策略勝過 Baseline（或正報酬）
2025-08-19 05:19:08,385 - INFO - [^DJI] Baseline(日均 %) = 0.1217
2025-08-19 05:19:08,631 - INFO - [^DJI] 策略 VolumeBreakout 回測報酬：0.00%（Baseline 0.12%）
2025-08-19 05:19:10,311 - INFO - [^DJI] 策略 MLStrategy 回測報酬：0.00%（Baseline 0.12%）
2025-08-19 05:19:10,311 - INFO - [^DJI] 無策略勝過 Baseline（或正報酬）
2025-08-19 05:19:10,322 - INFO - [GC=F] Baseline(日均 %) = 0.0150
2025-08-19 05:19:10,575 - INFO - [GC=F] 策略 VolumeBreakout 回測報酬：2.60%（Baseline 0.02%）
2025-08-19 05:19:12,336 - INFO - [GC=F] 策略 MLStrategy 回測報酬：25.44%（Baseline 0.02%）
2025-08-19 05:19:12,336 - INFO - [GC=F] ✅ 最佳策略：MLStrategy | Return 25.44% > Baseline 0.02% → 已輸出 data/strategy_best_GC=F.json
2025-08-19 05:19:12,346 - INFO - [^GSPC] Baseline(日均 %) = 0.1697
2025-08-19 05:19:12,591 - INFO - [^GSPC] 策略 VolumeBreakout 回測報酬：0.22%（Baseline 0.17%）
2025-08-19 05:19:14,286 - INFO - [^GSPC] 策略 MLStrategy 回測報酬：33.99%（Baseline 0.17%）
2025-08-19 05:19:14,286 - INFO - [^GSPC] ✅ 最佳策略：MLStrategy | Return 33.99% > Baseline 0.17% → 已輸出 data/strategy_best_^GSPC.json
2025-08-19 05:19:14,296 - INFO - [^IXIC] Baseline(日均 %) = 0.2299
2025-08-19 05:19:14,542 - INFO - [^IXIC] 策略 VolumeBreakout 回測報酬：0.00%（Baseline 0.23%）
2025-08-19 05:19:16,221 - INFO - [^IXIC] 策略 MLStrategy 回測報酬：0.00%（Baseline 0.23%）
2025-08-19 05:19:16,221 - INFO - [^IXIC] 無策略勝過 Baseline（或正報酬）
2025-08-19 05:19:16,231 - INFO - [SPY] Baseline(日均 %) = 0.1737
2025-08-19 05:19:16,475 - INFO - [SPY] 策略 VolumeBreakout 回測報酬：0.00%（Baseline 0.17%）
2025-08-19 05:19:18,153 - INFO - [SPY] 策略 MLStrategy 回測報酬：2.98%（Baseline 0.17%）
2025-08-19 05:19:18,153 - INFO - [SPY] ✅ 最佳策略：MLStrategy | Return 2.98% > Baseline 0.17% → 已輸出 data/strategy_best_SPY.json
2025-08-19 05:19:18,163 - INFO - [TSM] Baseline(日均 %) = 0.3740
2025-08-19 05:19:18,413 - INFO - [TSM] 策略 VolumeBreakout 回測報酬：-0.30%（Baseline 0.37%）
2025-08-19 05:19:20,111 - INFO - [TSM] 策略 MLStrategy 回測報酬：2.73%（Baseline 0.37%）
2025-08-19 05:19:20,111 - INFO - [TSM] ✅ 最佳策略：MLStrategy | Return 2.73% > Baseline 0.37% → 已輸出 data/strategy_best_TSM.json
2025-08-19 05:19:20,121 - INFO - [2330.TW] Baseline(日均 %) = 0.3422
2025-08-19 05:19:20,364 - INFO - [2330.TW] 策略 VolumeBreakout 回測報酬：-0.10%（Baseline 0.34%）
2025-08-19 05:19:22,016 - INFO - [2330.TW] 策略 MLStrategy 回測報酬：5.88%（Baseline 0.34%）
2025-08-19 05:19:22,017 - INFO - [2330.TW] ✅ 最佳策略：MLStrategy | Return 5.88% > Baseline 0.34% → 已輸出 data/strategy_best_2330.TW.json
2025-08-19 05:19:22,017 - INFO - 策略管理師執行結束
2025-08-19 06:08:46,752 - INFO - 策略管理師開始執行
2025-08-19 06:08:46,765 - INFO - [0050.TW] Baseline(日均 %) = 0.3078
2025-08-19 06:08:47,010 - INFO - [0050.TW] 策略 VolumeBreakout 回測報酬：0.06%（Baseline 0.31%）
2025-08-19 06:08:48,680 - INFO - [0050.TW] 策略 MLStrategy 回測報酬：0.28%（Baseline 0.31%）
2025-08-19 06:08:48,680 - INFO - [0050.TW] 無策略勝過 Baseline（或正報酬）
2025-08-19 06:08:48,690 - INFO - [QQQ] Baseline(日均 %) = 0.2013
2025-08-19 06:08:48,939 - INFO - [QQQ] 策略 VolumeBreakout 回測報酬：0.03%（Baseline 0.20%）
2025-08-19 06:08:50,632 - INFO - [QQQ] 策略 MLStrategy 回測報酬：3.65%（Baseline 0.20%）
2025-08-19 06:08:50,632 - INFO - [QQQ] ✅ 最佳策略：MLStrategy | Return 3.65% > Baseline 0.20% → 已輸出 data/strategy_best_QQQ.json
2025-08-19 06:08:50,642 - INFO - [^TWII] Baseline(日均 %) = 0.2298
2025-08-19 06:08:50,887 - INFO - [^TWII] 策略 VolumeBreakout 回測報酬：0.00%（Baseline 0.23%）
2025-08-19 06:08:52,543 - INFO - [^TWII] 策略 MLStrategy 回測報酬：0.00%（Baseline 0.23%）
2025-08-19 06:08:52,543 - INFO - [^TWII] 無策略勝過 Baseline（或正報酬）
2025-08-19 06:08:52,554 - INFO - [BTC-USD] Baseline(日均 %) = 0.1957
2025-08-19 06:08:52,829 - INFO - [BTC-USD] 策略 VolumeBreakout 回測報酬：0.00%（Baseline 0.20%）
2025-08-19 06:08:54,860 - INFO - [BTC-USD] 策略 MLStrategy 回測報酬：0.00%（Baseline 0.20%）
2025-08-19 06:08:54,860 - INFO - [BTC-USD] 無策略勝過 Baseline（或正報酬）
2025-08-19 06:08:54,871 - INFO - [^DJI] Baseline(日均 %) = 0.1217
2025-08-19 06:08:55,118 - INFO - [^DJI] 策略 VolumeBreakout 回測報酬：0.00%（Baseline 0.12%）
2025-08-19 06:08:56,806 - INFO - [^DJI] 策略 MLStrategy 回測報酬：0.00%（Baseline 0.12%）
2025-08-19 06:08:56,806 - INFO - [^DJI] 無策略勝過 Baseline（或正報酬）
2025-08-19 06:08:56,816 - INFO - [GC=F] Baseline(日均 %) = 0.0150
2025-08-19 06:08:57,071 - INFO - [GC=F] 策略 VolumeBreakout 回測報酬：2.60%（Baseline 0.02%）
2025-08-19 06:08:58,848 - INFO - [GC=F] 策略 MLStrategy 回測報酬：25.44%（Baseline 0.02%）
2025-08-19 06:08:58,848 - INFO - [GC=F] ✅ 最佳策略：MLStrategy | Return 25.44% > Baseline 0.02% → 已輸出 data/strategy_best_GC=F.json
2025-08-19 06:08:58,859 - INFO - [^GSPC] Baseline(日均 %) = 0.1697
2025-08-19 06:08:59,104 - INFO - [^GSPC] 策略 VolumeBreakout 回測報酬：0.22%（Baseline 0.17%）
2025-08-19 06:09:00,803 - INFO - [^GSPC] 策略 MLStrategy 回測報酬：33.99%（Baseline 0.17%）
2025-08-19 06:09:00,804 - INFO - [^GSPC] ✅ 最佳策略：MLStrategy | Return 33.99% > Baseline 0.17% → 已輸出 data/strategy_best_^GSPC.json
2025-08-19 06:09:00,814 - INFO - [^IXIC] Baseline(日均 %) = 0.2299
2025-08-19 06:09:01,060 - INFO - [^IXIC] 策略 VolumeBreakout 回測報酬：0.00%（Baseline 0.23%）
2025-08-19 06:09:02,742 - INFO - [^IXIC] 策略 MLStrategy 回測報酬：0.00%（Baseline 0.23%）
2025-08-19 06:09:02,742 - INFO - [^IXIC] 無策略勝過 Baseline（或正報酬）
2025-08-19 06:09:02,752 - INFO - [SPY] Baseline(日均 %) = 0.1737
2025-08-19 06:09:02,995 - INFO - [SPY] 策略 VolumeBreakout 回測報酬：0.00%（Baseline 0.17%）
2025-08-19 06:09:04,705 - INFO - [SPY] 策略 MLStrategy 回測報酬：2.98%（Baseline 0.17%）
2025-08-19 06:09:04,705 - INFO - [SPY] ✅ 最佳策略：MLStrategy | Return 2.98% > Baseline 0.17% → 已輸出 data/strategy_best_SPY.json
2025-08-19 06:09:04,715 - INFO - [TSM] Baseline(日均 %) = 0.3740
2025-08-19 06:09:04,965 - INFO - [TSM] 策略 VolumeBreakout 回測報酬：-0.30%（Baseline 0.37%）
2025-08-19 06:09:06,669 - INFO - [TSM] 策略 MLStrategy 回測報酬：2.73%（Baseline 0.37%）
2025-08-19 06:09:06,670 - INFO - [TSM] ✅ 最佳策略：MLStrategy | Return 2.73% > Baseline 0.37% → 已輸出 data/strategy_best_TSM.json
2025-08-19 06:09:06,680 - INFO - [2330.TW] Baseline(日均 %) = 0.3422
2025-08-19 06:09:06,924 - INFO - [2330.TW] 策略 VolumeBreakout 回測報酬：-0.10%（Baseline 0.34%）
2025-08-19 06:09:08,567 - INFO - [2330.TW] 策略 MLStrategy 回測報酬：5.88%（Baseline 0.34%）
2025-08-19 06:09:08,567 - INFO - [2330.TW] ✅ 最佳策略：MLStrategy | Return 5.88% > Baseline 0.34% → 已輸出 data/strategy_best_2330.TW.json
2025-08-19 06:09:08,567 - INFO - 策略管理師執行結束
